==311560== Memcheck, a memory error detector
==311560== Copyright (C) 2002-2022, and GNU GPL'd, by Julian Seward et al.
==311560== Using Valgrind-3.22.0 and LibVEX; rerun with -h for copyright info
==311560== Command: ./minishell
==311560== Parent PID: 311558
==311560== 
==311574== 
==311574== HEAP SUMMARY:
==311574==     in use at exit: 244,619 bytes in 324 blocks
==311574==   total heap usage: 555 allocs, 231 frees, 268,621 bytes allocated
==311574== 
==311574== LEAK SUMMARY:
==311574==    definitely lost: 0 bytes in 0 blocks
==311574==    indirectly lost: 0 bytes in 0 blocks
==311574==      possibly lost: 0 bytes in 0 blocks
==311574==    still reachable: 11,689 bytes in 86 blocks
==311574==         suppressed: 232,930 bytes in 238 blocks
==311574== Reachable blocks (those to which a pointer was found) are not shown.
==311574== To see them, rerun with: --leak-check=full --show-leak-kinds=all
==311574== 
==311574== For lists of detected and suppressed errors, rerun with: -s
==311574== ERROR SUMMARY: 0 errors from 0 contexts (suppressed: 0 from 0)
==311576== 
==311576== HEAP SUMMARY:
==311576==     in use at exit: 244,619 bytes in 324 blocks
==311576==   total heap usage: 558 allocs, 234 frees, 269,211 bytes allocated
==311576== 
==311576== LEAK SUMMARY:
==311576==    definitely lost: 0 bytes in 0 blocks
==311576==    indirectly lost: 0 bytes in 0 blocks
==311576==      possibly lost: 0 bytes in 0 blocks
==311576==    still reachable: 11,689 bytes in 86 blocks
==311576==         suppressed: 232,930 bytes in 238 blocks
==311576== Reachable blocks (those to which a pointer was found) are not shown.
==311576== To see them, rerun with: --leak-check=full --show-leak-kinds=all
==311576== 
==311576== For lists of detected and suppressed errors, rerun with: -s
==311576== ERROR SUMMARY: 0 errors from 0 contexts (suppressed: 0 from 0)
==311577== 
==311577== HEAP SUMMARY:
==311577==     in use at exit: 244,619 bytes in 324 blocks
==311577==   total heap usage: 558 allocs, 234 frees, 269,213 bytes allocated
==311577== 
==311577== LEAK SUMMARY:
==311577==    definitely lost: 0 bytes in 0 blocks
==311577==    indirectly lost: 0 bytes in 0 blocks
==311577==      possibly lost: 0 bytes in 0 blocks
==311577==    still reachable: 11,689 bytes in 86 blocks
==311577==         suppressed: 232,930 bytes in 238 blocks
==311577== Reachable blocks (those to which a pointer was found) are not shown.
==311577== To see them, rerun with: --leak-check=full --show-leak-kinds=all
==311577== 
==311577== For lists of detected and suppressed errors, rerun with: -s
==311577== ERROR SUMMARY: 0 errors from 0 contexts (suppressed: 0 from 0)
==311575== 
==311575== HEAP SUMMARY:
==311575==     in use at exit: 244,619 bytes in 324 blocks
==311575==   total heap usage: 555 allocs, 231 frees, 268,621 bytes allocated
==311575== 
==311575== LEAK SUMMARY:
==311575==    definitely lost: 0 bytes in 0 blocks
==311575==    indirectly lost: 0 bytes in 0 blocks
==311575==      possibly lost: 0 bytes in 0 blocks
==311575==    still reachable: 11,689 bytes in 86 blocks
==311575==         suppressed: 232,930 bytes in 238 blocks
==311575== Reachable blocks (those to which a pointer was found) are not shown.
==311575== To see them, rerun with: --leak-check=full --show-leak-kinds=all
==311575== 
==311575== For lists of detected and suppressed errors, rerun with: -s
==311575== ERROR SUMMARY: 0 errors from 0 contexts (suppressed: 0 from 0)
==311573== 
==311573== HEAP SUMMARY:
==311573==     in use at exit: 244,550 bytes in 321 blocks
==311573==   total heap usage: 555 allocs, 234 frees, 268,621 bytes allocated
==311573== 
==311573== LEAK SUMMARY:
==311573==    definitely lost: 0 bytes in 0 blocks
==311573==    indirectly lost: 0 bytes in 0 blocks
==311573==      possibly lost: 0 bytes in 0 blocks
==311573==    still reachable: 11,689 bytes in 86 blocks
==311573==         suppressed: 232,861 bytes in 235 blocks
==311573== Reachable blocks (those to which a pointer was found) are not shown.
==311573== To see them, rerun with: --leak-check=full --show-leak-kinds=all
==311573== 
==311573== For lists of detected and suppressed errors, rerun with: -s
==311573== ERROR SUMMARY: 0 errors from 0 contexts (suppressed: 0 from 0)
==311560== 
==311560== HEAP SUMMARY:
==311560==     in use at exit: 241,236 bytes in 312 blocks
==311560==   total heap usage: 568 allocs, 256 frees, 270,366 bytes allocated
==311560== 
==311560== LEAK SUMMARY:
==311560==    definitely lost: 0 bytes in 0 blocks
==311560==    indirectly lost: 0 bytes in 0 blocks
==311560==      possibly lost: 0 bytes in 0 blocks
==311560==    still reachable: 8,403 bytes in 77 blocks
==311560==         suppressed: 232,833 bytes in 235 blocks
==311560== Reachable blocks (those to which a pointer was found) are not shown.
==311560== To see them, rerun with: --leak-check=full --show-leak-kinds=all
==311560== 
==311560== For lists of detected and suppressed errors, rerun with: -s
==311560== ERROR SUMMARY: 0 errors from 0 contexts (suppressed: 0 from 0)
