==392303== Memcheck, a memory error detector
==392303== Copyright (C) 2002-2022, and GNU GPL'd, by Julian Seward et al.
==392303== Using Valgrind-3.22.0-bd4db67b1d-20231031 and LibVEX; rerun with -h for copyright info
==392303== Command: ./minishell
==392303== Parent PID: 384032
==392303== 
--392303-- 
--392303-- Valgrind options:
--392303--    --leak-check=full
--392303--    --show-leak-kinds=all
--392303--    --track-origins=yes
--392303--    --verbose
--392303--    --log-file=valgrind_complex.log
--392303-- Contents of /proc/version:
--392303--   Linux version 6.14.0-27-generic (buildd@lcy02-amd64-120) (x86_64-linux-gnu-gcc-13 (Ubuntu 13.3.0-6ubuntu2~24.04) 13.3.0, GNU ld (GNU Binutils for Ubuntu) 2.42) #27~24.04.1-Ubuntu SMP PREEMPT_DYNAMIC Tue Jul 22 17:38:49 UTC 2
--392303-- 
--392303-- Arch and hwcaps: AMD64, LittleEndian, amd64-cx16-lzcnt-rdtscp-sse3-ssse3-avx-avx2-bmi-f16c-rdrand-rdseed
--392303-- Page sizes: currently 4096, max supported 4096
--392303-- Valgrind library directory: /usr/libexec/valgrind
--392303-- Reading syms from /home/couch-wajdi/Desktop/42/minishell12/minishell
--392303-- Reading syms from /usr/lib/x86_64-linux-gnu/ld-linux-x86-64.so.2
--392303--   Considering /usr/lib/debug/.build-id/28/1ac1521b4102509b1c7ac7004db7c1efb81796.debug ..
--392303--   .. build-id is valid
--392303-- Reading syms from /usr/libexec/valgrind/memcheck-amd64-linux
--392303--    object doesn't have a dynamic symbol table
--392303-- Scheduler: using generic scheduler lock implementation.
--392303-- Reading suppressions file: /usr/libexec/valgrind/default.supp
==392303== embedded gdbserver: reading from /tmp/vgdb-pipe-from-vgdb-to-392303-by-couch-wajdi-on-???
==392303== embedded gdbserver: writing to   /tmp/vgdb-pipe-to-vgdb-from-392303-by-couch-wajdi-on-???
==392303== embedded gdbserver: shared mem   /tmp/vgdb-pipe-shared-mem-vgdb-392303-by-couch-wajdi-on-???
==392303== 
==392303== TO CONTROL THIS PROCESS USING vgdb (which you probably
==392303== don't want to do, unless you know exactly what you're doing,
==392303== or are doing some strange experiment):
==392303==   /usr/bin/vgdb --pid=392303 ...command...
==392303== 
==392303== TO DEBUG THIS PROCESS USING GDB: start GDB like this
==392303==   /path/to/gdb ./minishell
==392303== and then give GDB the following command
==392303==   target remote | /usr/bin/vgdb --pid=392303
==392303== --pid is optional if only one valgrind process is running
==392303== 
--392303-- REDIR: 0x4028b00 (ld-linux-x86-64.so.2:strlen) redirected to 0x580c2e1a (???)
--392303-- REDIR: 0x40272b0 (ld-linux-x86-64.so.2:index) redirected to 0x580c2e34 (???)
--392303-- Reading syms from /usr/libexec/valgrind/vgpreload_core-amd64-linux.so
--392303-- Reading syms from /usr/libexec/valgrind/vgpreload_memcheck-amd64-linux.so
==392303== WARNING: new redirection conflicts with existing -- ignoring it
--392303--     old: 0x04028b00 (strlen              ) R-> (0000.0) 0x580c2e1a ???
--392303--     new: 0x04028b00 (strlen              ) R-> (2007.0) 0x0484f340 strlen
--392303-- REDIR: 0x40274e0 (ld-linux-x86-64.so.2:strcmp) redirected to 0x4850460 (strcmp)
--392303-- REDIR: 0x4026910 (ld-linux-x86-64.so.2:mempcpy) redirected to 0x4853cd0 (mempcpy)
--392303-- Reading syms from /usr/lib/x86_64-linux-gnu/libreadline.so.8.2
--392303-- Reading syms from /usr/lib/x86_64-linux-gnu/libc.so.6
--392303--   Considering /usr/lib/debug/.build-id/28/2c2c16e7b6600b0b22ea0c99010d2795752b5f.debug ..
--392303--   .. build-id is valid
--392303-- Reading syms from /usr/lib/x86_64-linux-gnu/libtinfo.so.6.4
--392303-- REDIR: 0x4028ca0 (ld-linux-x86-64.so.2:strncmp) redirected to 0x484fc90 (strncmp)
--392303-- REDIR: 0x4974050 (libc.so.6:strnlen) redirected to 0x483d1c0 (_vgnU_ifunc_wrapper)
--392303-- REDIR: 0x49740e0 (libc.so.6:strpbrk) redirected to 0x483d1c0 (_vgnU_ifunc_wrapper)
--392303-- REDIR: 0x49721a0 (libc.so.6:strcmp) redirected to 0x483d1c0 (_vgnU_ifunc_wrapper)
--392303-- REDIR: 0x498b3b0 (libc.so.6:wcsnlen) redirected to 0x483d1c0 (_vgnU_ifunc_wrapper)
--392303-- REDIR: 0x4971290 (libc.so.6:memset) redirected to 0x483d1c0 (_vgnU_ifunc_wrapper)
--392303-- REDIR: 0x498ab20 (libc.so.6:wcslen) redirected to 0x483d1c0 (_vgnU_ifunc_wrapper)
--392303-- REDIR: 0x49f63c0 (libc.so.6:__memcpy_chk) redirected to 0x483d1c0 (_vgnU_ifunc_wrapper)
--392303-- REDIR: 0x4971200 (libc.so.6:memrchr) redirected to 0x483d1c0 (_vgnU_ifunc_wrapper)
--392303-- REDIR: 0x498b350 (libc.so.6:wcsncpy) redirected to 0x483d1c0 (_vgnU_ifunc_wrapper)
--392303-- REDIR: 0x4970720 (libc.so.6:memcpy@@GLIBC_2.14) redirected to 0x483d1c0 (_vgnU_ifunc_wrapper)
--392303-- REDIR: 0x49898e0 (libc.so.6:wcschr) redirected to 0x483d1c0 (_vgnU_ifunc_wrapper)
--392303-- REDIR: 0x4972090 (libc.so.6:index) redirected to 0x483d1c0 (_vgnU_ifunc_wrapper)
--392303-- REDIR: 0x4974110 (libc.so.6:rindex) redirected to 0x483d1c0 (_vgnU_ifunc_wrapper)
--392303-- REDIR: 0x4989990 (libc.so.6:wcscmp) redirected to 0x483d1c0 (_vgnU_ifunc_wrapper)
--392303-- REDIR: 0x49714b0 (libc.so.6:stpncpy) redirected to 0x483d1c0 (_vgnU_ifunc_wrapper)
--392303-- REDIR: 0x4997eb0 (libc.so.6:wmemchr) redirected to 0x483d1c0 (_vgnU_ifunc_wrapper)
--392303-- REDIR: 0x4973ef0 (libc.so.6:strncmp) redirected to 0x483d1c0 (_vgnU_ifunc_wrapper)
--392303-- REDIR: 0x4971510 (libc.so.6:strcasecmp) redirected to 0x483d1c0 (_vgnU_ifunc_wrapper)
--392303-- REDIR: 0x4973310 (libc.so.6:strcspn) redirected to 0x483d1c0 (_vgnU_ifunc_wrapper)
--392303-- REDIR: 0x498a8f0 (libc.so.6:wcscpy) redirected to 0x483d1c0 (_vgnU_ifunc_wrapper)
--392303-- REDIR: 0x4972020 (libc.so.6:strcat) redirected to 0x483d1c0 (_vgnU_ifunc_wrapper)
--392303-- REDIR: 0x4973df0 (libc.so.6:strncasecmp_l) redirected to 0x483d1c0 (_vgnU_ifunc_wrapper)
--392303-- REDIR: 0x4972110 (libc.so.6:strchrnul) redirected to 0x483d1c0 (_vgnU_ifunc_wrapper)
--392303-- REDIR: 0x4970630 (libc.so.6:bcmp) redirected to 0x483d1c0 (_vgnU_ifunc_wrapper)
--392303-- REDIR: 0x49732a0 (libc.so.6:strcpy) redirected to 0x483d1c0 (_vgnU_ifunc_wrapper)
--392303-- REDIR: 0x49715b0 (libc.so.6:strcasecmp_l) redirected to 0x483d1c0 (_vgnU_ifunc_wrapper)
--392303-- REDIR: 0x4973cc0 (libc.so.6:strlen) redirected to 0x483d1c0 (_vgnU_ifunc_wrapper)
--392303-- REDIR: 0x4973f90 (libc.so.6:strncpy) redirected to 0x483d1c0 (_vgnU_ifunc_wrapper)
--392303-- REDIR: 0x4997f30 (libc.so.6:wmemcmp) redirected to 0x483d1c0 (_vgnU_ifunc_wrapper)
--392303-- REDIR: 0x49f64e0 (libc.so.6:__memmove_chk) redirected to 0x483d1c0 (_vgnU_ifunc_wrapper)
==392303== WARNING: new redirection conflicts with existing -- ignoring it
--392303--     old: 0x04a479d0 (__memcpy_chk_avx_una) R-> (2030.0) 0x04853dd0 __memcpy_chk
--392303--     new: 0x04a479d0 (__memcpy_chk_avx_una) R-> (2024.0) 0x04853740 __memmove_chk
--392303-- REDIR: 0x4971440 (libc.so.6:stpcpy) redirected to 0x483d1c0 (_vgnU_ifunc_wrapper)
--392303-- REDIR: 0x4970fc0 (libc.so.6:memmove) redirected to 0x483d1c0 (_vgnU_ifunc_wrapper)
==392303== Preferring higher priority redirection:
--392303--     old: 0x04a47a00 (__memcpy_avx_unalign) R-> (2018.0) 0x04851580 __memcpy_avx_unaligned_erms
--392303--     new: 0x04a47a00 (__memcpy_avx_unalign) R-> (2018.1) 0x04852d60 memmove
--392303-- REDIR: 0x49705b0 (libc.so.6:memchr) redirected to 0x483d1c0 (_vgnU_ifunc_wrapper)
--392303-- REDIR: 0x49742e0 (libc.so.6:strspn) redirected to 0x483d1c0 (_vgnU_ifunc_wrapper)
--392303-- REDIR: 0x49710e0 (libc.so.6:mempcpy) redirected to 0x483d1c0 (_vgnU_ifunc_wrapper)
--392303-- REDIR: 0x4973d50 (libc.so.6:strncasecmp) redirected to 0x483d1c0 (_vgnU_ifunc_wrapper)
--392303-- REDIR: 0x4973e90 (libc.so.6:strncat) redirected to 0x483d1c0 (_vgnU_ifunc_wrapper)
--392303-- REDIR: 0x4974ba0 (libc.so.6:strstr) redirected to 0x483d1c0 (_vgnU_ifunc_wrapper)
--392303-- REDIR: 0x4a4c5f0 (libc.so.6:__strrchr_avx2) redirected to 0x484ed20 (rindex)
--392303-- REDIR: 0x496c650 (libc.so.6:malloc) redirected to 0x48467b0 (malloc)
--392303-- REDIR: 0x496cd30 (libc.so.6:free) redirected to 0x4849820 (free)
--392303-- REDIR: 0x4a4a740 (libc.so.6:__strlen_avx2) redirected to 0x484f220 (strlen)
--392303-- REDIR: 0x4a47a00 (libc.so.6:__memcpy_avx_unaligned_erms) redirected to 0x4852d60 (memmove)
--392303-- REDIR: 0x4a4b820 (libc.so.6:__strncmp_avx2) redirected to 0x484fab0 (strncmp)
--392303-- REDIR: 0x4a49da0 (libc.so.6:__strchrnul_avx2) redirected to 0x48537b0 (strchrnul)
--392303-- REDIR: 0x4909d30 (libc.so.6:setenv) redirected to 0x48547d0 (setenv)
--392303-- REDIR: 0x4a49b60 (libc.so.6:__strchr_avx2) redirected to 0x484ef00 (index)
--392303-- REDIR: 0x496d0a0 (libc.so.6:realloc) redirected to 0x484db00 (realloc)
--392303-- REDIR: 0x4a479d0 (libc.so.6:__memcpy_chk_avx_unaligned_erms) redirected to 0x4853dd0 (__memcpy_chk)
--392303-- REDIR: 0x4a479c0 (libc.so.6:__mempcpy_avx_unaligned_erms) redirected to 0x48538d0 (mempcpy)
--392303-- REDIR: 0x4a49f90 (libc.so.6:__strcmp_avx2) redirected to 0x4850360 (strcmp)
--392303-- REDIR: 0x496d7a0 (libc.so.6:calloc) redirected to 0x484d8a0 (calloc)
--392303-- REDIR: 0x4a4c320 (libc.so.6:__strnlen_avx2) redirected to 0x484f1c0 (strnlen)
--392303-- REDIR: 0x4a4a4f0 (libc.so.6:__strcpy_avx2) redirected to 0x484f370 (strcpy)
--392303-- REDIR: 0x4a48400 (libc.so.6:__memset_avx2_unaligned_erms) redirected to 0x4852c50 (memset)
--392303-- REDIR: 0x4a4be80 (libc.so.6:__strncpy_avx2) redirected to 0x484f4f0 (strncpy)
--392303-- REDIR: 0x4a47000 (libc.so.6:__memchr_avx2) redirected to 0x48504e0 (memchr)
--392303-- REDIR: 0x4a486b0 (libc.so.6:__stpcpy_avx2) redirected to 0x48525a0 (stpcpy)
--392303-- REDIR: 0x4a48e40 (libc.so.6:__strcasecmp_avx2) redirected to 0x484fcf0 (strcasecmp)
--392303-- REDIR: 0x4a4a8c0 (libc.so.6:__strncasecmp_avx2) redirected to 0x484fdd0 (strncasecmp)
--392303-- REDIR: 0x4a472a0 (libc.so.6:__memcmp_avx2_movbe) redirected to 0x4852480 (bcmp)
==392303== 
==392303== HEAP SUMMARY:
==392303==     in use at exit: 232,828 bytes in 234 blocks
==392303==   total heap usage: 559 allocs, 325 frees, 263,932 bytes allocated
==392303== 
==392303== Searching for pointers to 234 not-freed blocks
==392303== Checked 266,104 bytes
==392303== 
==392303== 8 bytes in 1 blocks are still reachable in loss record 1 of 74
==392303==    at 0x4846828: malloc (in /usr/libexec/valgrind/vgpreload_memcheck-amd64-linux.so)
==392303==    by 0x497335E: strdup (strdup.c:42)
==392303==    by 0x4AF0FE7: _nc_trim_sgr0 (in /usr/lib/x86_64-linux-gnu/libtinfo.so.6.4)
==392303==    by 0x4AED9B7: tgetent_sp (in /usr/lib/x86_64-linux-gnu/libtinfo.so.6.4)
==392303==    by 0x48A1CE4: _rl_init_terminal_io (in /usr/lib/x86_64-linux-gnu/libreadline.so.8.2)
==392303==    by 0x488D5D7: rl_initialize (in /usr/lib/x86_64-linux-gnu/libreadline.so.8.2)
==392303==    by 0x488D896: readline (in /usr/lib/x86_64-linux-gnu/libreadline.so.8.2)
==392303==    by 0x10C3EB: handle_line_input (in /home/couch-wajdi/Desktop/42/minishell12/minishell)
==392303==    by 0x10C269: main (in /home/couch-wajdi/Desktop/42/minishell12/minishell)
==392303== 
==392303== 8 bytes in 1 blocks are still reachable in loss record 2 of 74
==392303==    at 0x484DB80: realloc (in /usr/libexec/valgrind/vgpreload_memcheck-amd64-linux.so)
==392303==    by 0x48A6C81: xrealloc (in /usr/lib/x86_64-linux-gnu/libreadline.so.8.2)
==392303==    by 0x48923BE: ??? (in /usr/lib/x86_64-linux-gnu/libreadline.so.8.2)
==392303==    by 0x4892CCD: rl_expand_prompt (in /usr/lib/x86_64-linux-gnu/libreadline.so.8.2)
==392303==    by 0x488147F: rl_set_prompt (in /usr/lib/x86_64-linux-gnu/libreadline.so.8.2)
==392303==    by 0x488D891: readline (in /usr/lib/x86_64-linux-gnu/libreadline.so.8.2)
==392303==    by 0x10C3EB: handle_line_input (in /home/couch-wajdi/Desktop/42/minishell12/minishell)
==392303==    by 0x10C269: main (in /home/couch-wajdi/Desktop/42/minishell12/minishell)
==392303== 
==392303== 9 bytes in 1 blocks are still reachable in loss record 3 of 74
==392303==    at 0x4846828: malloc (in /usr/libexec/valgrind/vgpreload_memcheck-amd64-linux.so)
==392303==    by 0x48A60EC: xmalloc (in /usr/lib/x86_64-linux-gnu/libreadline.so.8.2)
==392303==    by 0x48A1919: _rl_reset_region_color (in /usr/lib/x86_64-linux-gnu/libreadline.so.8.2)
==392303==    by 0x48A1E6B: _rl_init_terminal_io (in /usr/lib/x86_64-linux-gnu/libreadline.so.8.2)
==392303==    by 0x488D5D7: rl_initialize (in /usr/lib/x86_64-linux-gnu/libreadline.so.8.2)
==392303==    by 0x488D896: readline (in /usr/lib/x86_64-linux-gnu/libreadline.so.8.2)
==392303==    by 0x10C3EB: handle_line_input (in /home/couch-wajdi/Desktop/42/minishell12/minishell)
==392303==    by 0x10C269: main (in /home/couch-wajdi/Desktop/42/minishell12/minishell)
==392303== 
==392303== 11 bytes in 1 blocks are still reachable in loss record 4 of 74
==392303==    at 0x4846828: malloc (in /usr/libexec/valgrind/vgpreload_memcheck-amd64-linux.so)
==392303==    by 0x48A60EC: xmalloc (in /usr/lib/x86_64-linux-gnu/libreadline.so.8.2)
==392303==    by 0x48A1919: _rl_reset_region_color (in /usr/lib/x86_64-linux-gnu/libreadline.so.8.2)
==392303==    by 0x48A1E7C: _rl_init_terminal_io (in /usr/lib/x86_64-linux-gnu/libreadline.so.8.2)
==392303==    by 0x488D5D7: rl_initialize (in /usr/lib/x86_64-linux-gnu/libreadline.so.8.2)
==392303==    by 0x488D896: readline (in /usr/lib/x86_64-linux-gnu/libreadline.so.8.2)
==392303==    by 0x10C3EB: handle_line_input (in /home/couch-wajdi/Desktop/42/minishell12/minishell)
==392303==    by 0x10C269: main (in /home/couch-wajdi/Desktop/42/minishell12/minishell)
==392303== 
==392303== 12 bytes in 1 blocks are still reachable in loss record 5 of 74
==392303==    at 0x4846828: malloc (in /usr/libexec/valgrind/vgpreload_memcheck-amd64-linux.so)
==392303==    by 0x48A60EC: xmalloc (in /usr/lib/x86_64-linux-gnu/libreadline.so.8.2)
==392303==    by 0x4881458: rl_set_prompt (in /usr/lib/x86_64-linux-gnu/libreadline.so.8.2)
==392303==    by 0x488D891: readline (in /usr/lib/x86_64-linux-gnu/libreadline.so.8.2)
==392303==    by 0x10C3EB: handle_line_input (in /home/couch-wajdi/Desktop/42/minishell12/minishell)
==392303==    by 0x10C269: main (in /home/couch-wajdi/Desktop/42/minishell12/minishell)
==392303== 
==392303== 12 bytes in 1 blocks are still reachable in loss record 6 of 74
==392303==    at 0x4846828: malloc (in /usr/libexec/valgrind/vgpreload_memcheck-amd64-linux.so)
==392303==    by 0x48A60EC: xmalloc (in /usr/lib/x86_64-linux-gnu/libreadline.so.8.2)
==392303==    by 0x4892389: ??? (in /usr/lib/x86_64-linux-gnu/libreadline.so.8.2)
==392303==    by 0x4892CCD: rl_expand_prompt (in /usr/lib/x86_64-linux-gnu/libreadline.so.8.2)
==392303==    by 0x488147F: rl_set_prompt (in /usr/lib/x86_64-linux-gnu/libreadline.so.8.2)
==392303==    by 0x488D891: readline (in /usr/lib/x86_64-linux-gnu/libreadline.so.8.2)
==392303==    by 0x10C3EB: handle_line_input (in /home/couch-wajdi/Desktop/42/minishell12/minishell)
==392303==    by 0x10C269: main (in /home/couch-wajdi/Desktop/42/minishell12/minishell)
==392303== 
==392303== 12 bytes in 1 blocks are still reachable in loss record 7 of 74
==392303==    at 0x4846828: malloc (in /usr/libexec/valgrind/vgpreload_memcheck-amd64-linux.so)
==392303==    by 0x48A60EC: xmalloc (in /usr/lib/x86_64-linux-gnu/libreadline.so.8.2)
==392303==    by 0x48A03EB: _rl_init_locale (in /usr/lib/x86_64-linux-gnu/libreadline.so.8.2)
==392303==    by 0x48A055C: _rl_reset_locale (in /usr/lib/x86_64-linux-gnu/libreadline.so.8.2)
==392303==    by 0x488D794: rl_initialize (in /usr/lib/x86_64-linux-gnu/libreadline.so.8.2)
==392303==    by 0x488D896: readline (in /usr/lib/x86_64-linux-gnu/libreadline.so.8.2)
==392303==    by 0x10C3EB: handle_line_input (in /home/couch-wajdi/Desktop/42/minishell12/minishell)
==392303==    by 0x10C269: main (in /home/couch-wajdi/Desktop/42/minishell12/minishell)
==392303== 
==392303== 13 bytes in 1 blocks are still reachable in loss record 8 of 74
==392303==    at 0x4846828: malloc (in /usr/libexec/valgrind/vgpreload_memcheck-amd64-linux.so)
==392303==    by 0x48A60EC: xmalloc (in /usr/lib/x86_64-linux-gnu/libreadline.so.8.2)
==392303==    by 0x4893B35: ??? (in /usr/lib/x86_64-linux-gnu/libreadline.so.8.2)
==392303==    by 0x488D600: rl_initialize (in /usr/lib/x86_64-linux-gnu/libreadline.so.8.2)
==392303==    by 0x488D896: readline (in /usr/lib/x86_64-linux-gnu/libreadline.so.8.2)
==392303==    by 0x10C3EB: handle_line_input (in /home/couch-wajdi/Desktop/42/minishell12/minishell)
==392303==    by 0x10C269: main (in /home/couch-wajdi/Desktop/42/minishell12/minishell)
==392303== 
==392303== 14 bytes in 1 blocks are still reachable in loss record 9 of 74
==392303==    at 0x484DB80: realloc (in /usr/libexec/valgrind/vgpreload_memcheck-amd64-linux.so)
==392303==    by 0x4AE19DC: _nc_doalloc (in /usr/lib/x86_64-linux-gnu/libtinfo.so.6.4)
==392303==    by 0x4AEA657: _nc_tiparm (in /usr/lib/x86_64-linux-gnu/libtinfo.so.6.4)
==392303==    by 0x4AF0F4F: ??? (in /usr/lib/x86_64-linux-gnu/libtinfo.so.6.4)
==392303==    by 0x4AF0FD9: _nc_trim_sgr0 (in /usr/lib/x86_64-linux-gnu/libtinfo.so.6.4)
==392303==    by 0x4AED9B7: tgetent_sp (in /usr/lib/x86_64-linux-gnu/libtinfo.so.6.4)
==392303==    by 0x48A1CE4: _rl_init_terminal_io (in /usr/lib/x86_64-linux-gnu/libreadline.so.8.2)
==392303==    by 0x488D5D7: rl_initialize (in /usr/lib/x86_64-linux-gnu/libreadline.so.8.2)
==392303==    by 0x488D896: readline (in /usr/lib/x86_64-linux-gnu/libreadline.so.8.2)
==392303==    by 0x10C3EB: handle_line_input (in /home/couch-wajdi/Desktop/42/minishell12/minishell)
==392303==    by 0x10C269: main (in /home/couch-wajdi/Desktop/42/minishell12/minishell)
==392303== 
==392303== 15 bytes in 1 blocks are still reachable in loss record 10 of 74
==392303==    at 0x4846828: malloc (in /usr/libexec/valgrind/vgpreload_memcheck-amd64-linux.so)
==392303==    by 0x497335E: strdup (strdup.c:42)
==392303==    by 0x4AED328: _nc_setupterm (in /usr/lib/x86_64-linux-gnu/libtinfo.so.6.4)
==392303==    by 0x4AED7D6: tgetent_sp (in /usr/lib/x86_64-linux-gnu/libtinfo.so.6.4)
==392303==    by 0x48A1CE4: _rl_init_terminal_io (in /usr/lib/x86_64-linux-gnu/libreadline.so.8.2)
==392303==    by 0x488D5D7: rl_initialize (in /usr/lib/x86_64-linux-gnu/libreadline.so.8.2)
==392303==    by 0x488D896: readline (in /usr/lib/x86_64-linux-gnu/libreadline.so.8.2)
==392303==    by 0x10C3EB: handle_line_input (in /home/couch-wajdi/Desktop/42/minishell12/minishell)
==392303==    by 0x10C269: main (in /home/couch-wajdi/Desktop/42/minishell12/minishell)
==392303== 
==392303== 16 bytes in 1 blocks are still reachable in loss record 11 of 74
==392303==    at 0x4846828: malloc (in /usr/libexec/valgrind/vgpreload_memcheck-amd64-linux.so)
==392303==    by 0x488D6F1: rl_initialize (in /usr/lib/x86_64-linux-gnu/libreadline.so.8.2)
==392303==    by 0x488D896: readline (in /usr/lib/x86_64-linux-gnu/libreadline.so.8.2)
==392303==    by 0x10C3EB: handle_line_input (in /home/couch-wajdi/Desktop/42/minishell12/minishell)
==392303==    by 0x10C269: main (in /home/couch-wajdi/Desktop/42/minishell12/minishell)
==392303== 
==392303== 18 bytes in 1 blocks are still reachable in loss record 12 of 74
==392303==    at 0x4846828: malloc (in /usr/libexec/valgrind/vgpreload_memcheck-amd64-linux.so)
==392303==    by 0x497335E: strdup (strdup.c:42)
==392303==    by 0x4AE02D0: ??? (in /usr/lib/x86_64-linux-gnu/libtinfo.so.6.4)
==392303==    by 0x4AE2F9D: _nc_first_db (in /usr/lib/x86_64-linux-gnu/libtinfo.so.6.4)
==392303==    by 0x4AF1A8A: _nc_read_entry2 (in /usr/lib/x86_64-linux-gnu/libtinfo.so.6.4)
==392303==    by 0x4AED135: ??? (in /usr/lib/x86_64-linux-gnu/libtinfo.so.6.4)
==392303==    by 0x4AED2C5: _nc_setupterm (in /usr/lib/x86_64-linux-gnu/libtinfo.so.6.4)
==392303==    by 0x4AED7D6: tgetent_sp (in /usr/lib/x86_64-linux-gnu/libtinfo.so.6.4)
==392303==    by 0x48A1CE4: _rl_init_terminal_io (in /usr/lib/x86_64-linux-gnu/libreadline.so.8.2)
==392303==    by 0x488D5D7: rl_initialize (in /usr/lib/x86_64-linux-gnu/libreadline.so.8.2)
==392303==    by 0x488D896: readline (in /usr/lib/x86_64-linux-gnu/libreadline.so.8.2)
==392303==    by 0x10C3EB: handle_line_input (in /home/couch-wajdi/Desktop/42/minishell12/minishell)
==392303== 
==392303== 20 bytes in 1 blocks are still reachable in loss record 13 of 74
==392303==    at 0x4846828: malloc (in /usr/libexec/valgrind/vgpreload_memcheck-amd64-linux.so)
==392303==    by 0x48A60EC: xmalloc (in /usr/lib/x86_64-linux-gnu/libreadline.so.8.2)
==392303==    by 0x4890B93: ??? (in /usr/lib/x86_64-linux-gnu/libreadline.so.8.2)
==392303==    by 0x48936AB: rl_parse_and_bind (in /usr/lib/x86_64-linux-gnu/libreadline.so.8.2)
==392303==    by 0x4893AAB: ??? (in /usr/lib/x86_64-linux-gnu/libreadline.so.8.2)
==392303==    by 0x488D600: rl_initialize (in /usr/lib/x86_64-linux-gnu/libreadline.so.8.2)
==392303==    by 0x488D896: readline (in /usr/lib/x86_64-linux-gnu/libreadline.so.8.2)
==392303==    by 0x10C3EB: handle_line_input (in /home/couch-wajdi/Desktop/42/minishell12/minishell)
==392303==    by 0x10C269: main (in /home/couch-wajdi/Desktop/42/minishell12/minishell)
==392303== 
==392303== 24 bytes in 1 blocks are still reachable in loss record 14 of 74
==392303==    at 0x4846828: malloc (in /usr/libexec/valgrind/vgpreload_memcheck-amd64-linux.so)
==392303==    by 0x49E74E0: tsearch (tsearch.c:337)
==392303==    by 0x4AE56C7: ??? (in /usr/lib/x86_64-linux-gnu/libtinfo.so.6.4)
==392303==    by 0x4AEA278: _nc_tiparm (in /usr/lib/x86_64-linux-gnu/libtinfo.so.6.4)
==392303==    by 0x4AF0F4F: ??? (in /usr/lib/x86_64-linux-gnu/libtinfo.so.6.4)
==392303==    by 0x4AF0FD9: _nc_trim_sgr0 (in /usr/lib/x86_64-linux-gnu/libtinfo.so.6.4)
==392303==    by 0x4AED9B7: tgetent_sp (in /usr/lib/x86_64-linux-gnu/libtinfo.so.6.4)
==392303==    by 0x48A1CE4: _rl_init_terminal_io (in /usr/lib/x86_64-linux-gnu/libreadline.so.8.2)
==392303==    by 0x488D5D7: rl_initialize (in /usr/lib/x86_64-linux-gnu/libreadline.so.8.2)
==392303==    by 0x488D896: readline (in /usr/lib/x86_64-linux-gnu/libreadline.so.8.2)
==392303==    by 0x10C3EB: handle_line_input (in /home/couch-wajdi/Desktop/42/minishell12/minishell)
==392303==    by 0x10C269: main (in /home/couch-wajdi/Desktop/42/minishell12/minishell)
==392303== 
==392303== 30 bytes in 1 blocks are still reachable in loss record 15 of 74
==392303==    at 0x4846828: malloc (in /usr/libexec/valgrind/vgpreload_memcheck-amd64-linux.so)
==392303==    by 0x4AE2997: _nc_home_terminfo (in /usr/lib/x86_64-linux-gnu/libtinfo.so.6.4)
==392303==    by 0x4AE2F88: _nc_first_db (in /usr/lib/x86_64-linux-gnu/libtinfo.so.6.4)
==392303==    by 0x4AF1A8A: _nc_read_entry2 (in /usr/lib/x86_64-linux-gnu/libtinfo.so.6.4)
==392303==    by 0x4AED135: ??? (in /usr/lib/x86_64-linux-gnu/libtinfo.so.6.4)
==392303==    by 0x4AED2C5: _nc_setupterm (in /usr/lib/x86_64-linux-gnu/libtinfo.so.6.4)
==392303==    by 0x4AED7D6: tgetent_sp (in /usr/lib/x86_64-linux-gnu/libtinfo.so.6.4)
==392303==    by 0x48A1CE4: _rl_init_terminal_io (in /usr/lib/x86_64-linux-gnu/libreadline.so.8.2)
==392303==    by 0x488D5D7: rl_initialize (in /usr/lib/x86_64-linux-gnu/libreadline.so.8.2)
==392303==    by 0x488D896: readline (in /usr/lib/x86_64-linux-gnu/libreadline.so.8.2)
==392303==    by 0x10C3EB: handle_line_input (in /home/couch-wajdi/Desktop/42/minishell12/minishell)
==392303==    by 0x10C269: main (in /home/couch-wajdi/Desktop/42/minishell12/minishell)
==392303== 
==392303== 47 bytes in 1 blocks are still reachable in loss record 16 of 74
==392303==    at 0x484DB80: realloc (in /usr/libexec/valgrind/vgpreload_memcheck-amd64-linux.so)
==392303==    by 0x4AE19DC: _nc_doalloc (in /usr/lib/x86_64-linux-gnu/libtinfo.so.6.4)
==392303==    by 0x4AF04A8: _nc_read_termtype (in /usr/lib/x86_64-linux-gnu/libtinfo.so.6.4)
==392303==    by 0x4AF15C1: _nc_read_file_entry (in /usr/lib/x86_64-linux-gnu/libtinfo.so.6.4)
==392303==    by 0x4AF194C: ??? (in /usr/lib/x86_64-linux-gnu/libtinfo.so.6.4)
==392303==    by 0x4AF1AB0: _nc_read_entry2 (in /usr/lib/x86_64-linux-gnu/libtinfo.so.6.4)
==392303==    by 0x4AED135: ??? (in /usr/lib/x86_64-linux-gnu/libtinfo.so.6.4)
==392303==    by 0x4AED2C5: _nc_setupterm (in /usr/lib/x86_64-linux-gnu/libtinfo.so.6.4)
==392303==    by 0x4AED7D6: tgetent_sp (in /usr/lib/x86_64-linux-gnu/libtinfo.so.6.4)
==392303==    by 0x48A1CE4: _rl_init_terminal_io (in /usr/lib/x86_64-linux-gnu/libreadline.so.8.2)
==392303==    by 0x488D5D7: rl_initialize (in /usr/lib/x86_64-linux-gnu/libreadline.so.8.2)
==392303==    by 0x488D896: readline (in /usr/lib/x86_64-linux-gnu/libreadline.so.8.2)
==392303== 
==392303== 47 bytes in 1 blocks are still reachable in loss record 17 of 74
==392303==    at 0x4846828: malloc (in /usr/libexec/valgrind/vgpreload_memcheck-amd64-linux.so)
==392303==    by 0x4AE1000: ??? (in /usr/lib/x86_64-linux-gnu/libtinfo.so.6.4)
==392303==    by 0x4AED2F7: _nc_setupterm (in /usr/lib/x86_64-linux-gnu/libtinfo.so.6.4)
==392303==    by 0x4AED7D6: tgetent_sp (in /usr/lib/x86_64-linux-gnu/libtinfo.so.6.4)
==392303==    by 0x48A1CE4: _rl_init_terminal_io (in /usr/lib/x86_64-linux-gnu/libreadline.so.8.2)
==392303==    by 0x488D5D7: rl_initialize (in /usr/lib/x86_64-linux-gnu/libreadline.so.8.2)
==392303==    by 0x488D896: readline (in /usr/lib/x86_64-linux-gnu/libreadline.so.8.2)
==392303==    by 0x10C3EB: handle_line_input (in /home/couch-wajdi/Desktop/42/minishell12/minishell)
==392303==    by 0x10C269: main (in /home/couch-wajdi/Desktop/42/minishell12/minishell)
==392303== 
==392303== 48 bytes in 1 blocks are still reachable in loss record 18 of 74
==392303==    at 0x484D953: calloc (in /usr/libexec/valgrind/vgpreload_memcheck-amd64-linux.so)
==392303==    by 0x4AE2B9B: _nc_first_db (in /usr/lib/x86_64-linux-gnu/libtinfo.so.6.4)
==392303==    by 0x4AF1A8A: _nc_read_entry2 (in /usr/lib/x86_64-linux-gnu/libtinfo.so.6.4)
==392303==    by 0x4AED135: ??? (in /usr/lib/x86_64-linux-gnu/libtinfo.so.6.4)
==392303==    by 0x4AED2C5: _nc_setupterm (in /usr/lib/x86_64-linux-gnu/libtinfo.so.6.4)
==392303==    by 0x4AED7D6: tgetent_sp (in /usr/lib/x86_64-linux-gnu/libtinfo.so.6.4)
==392303==    by 0x48A1CE4: _rl_init_terminal_io (in /usr/lib/x86_64-linux-gnu/libreadline.so.8.2)
==392303==    by 0x488D5D7: rl_initialize (in /usr/lib/x86_64-linux-gnu/libreadline.so.8.2)
==392303==    by 0x488D896: readline (in /usr/lib/x86_64-linux-gnu/libreadline.so.8.2)
==392303==    by 0x10C3EB: handle_line_input (in /home/couch-wajdi/Desktop/42/minishell12/minishell)
==392303==    by 0x10C269: main (in /home/couch-wajdi/Desktop/42/minishell12/minishell)
==392303== 
==392303== 78 bytes in 1 blocks are still reachable in loss record 19 of 74
==392303==    at 0x4846828: malloc (in /usr/libexec/valgrind/vgpreload_memcheck-amd64-linux.so)
==392303==    by 0x4AE1129: ??? (in /usr/lib/x86_64-linux-gnu/libtinfo.so.6.4)
==392303==    by 0x4AED2F7: _nc_setupterm (in /usr/lib/x86_64-linux-gnu/libtinfo.so.6.4)
==392303==    by 0x4AED7D6: tgetent_sp (in /usr/lib/x86_64-linux-gnu/libtinfo.so.6.4)
==392303==    by 0x48A1CE4: _rl_init_terminal_io (in /usr/lib/x86_64-linux-gnu/libreadline.so.8.2)
==392303==    by 0x488D5D7: rl_initialize (in /usr/lib/x86_64-linux-gnu/libreadline.so.8.2)
==392303==    by 0x488D896: readline (in /usr/lib/x86_64-linux-gnu/libreadline.so.8.2)
==392303==    by 0x10C3EB: handle_line_input (in /home/couch-wajdi/Desktop/42/minishell12/minishell)
==392303==    by 0x10C269: main (in /home/couch-wajdi/Desktop/42/minishell12/minishell)
==392303== 
==392303== 93 bytes in 1 blocks are still reachable in loss record 20 of 74
==392303==    at 0x4846828: malloc (in /usr/libexec/valgrind/vgpreload_memcheck-amd64-linux.so)
==392303==    by 0x497335E: strdup (strdup.c:42)
==392303==    by 0x4AE56A5: ??? (in /usr/lib/x86_64-linux-gnu/libtinfo.so.6.4)
==392303==    by 0x4AEA278: _nc_tiparm (in /usr/lib/x86_64-linux-gnu/libtinfo.so.6.4)
==392303==    by 0x4AF0F4F: ??? (in /usr/lib/x86_64-linux-gnu/libtinfo.so.6.4)
==392303==    by 0x4AF0FD9: _nc_trim_sgr0 (in /usr/lib/x86_64-linux-gnu/libtinfo.so.6.4)
==392303==    by 0x4AED9B7: tgetent_sp (in /usr/lib/x86_64-linux-gnu/libtinfo.so.6.4)
==392303==    by 0x48A1CE4: _rl_init_terminal_io (in /usr/lib/x86_64-linux-gnu/libreadline.so.8.2)
==392303==    by 0x488D5D7: rl_initialize (in /usr/lib/x86_64-linux-gnu/libreadline.so.8.2)
==392303==    by 0x488D896: readline (in /usr/lib/x86_64-linux-gnu/libreadline.so.8.2)
==392303==    by 0x10C3EB: handle_line_input (in /home/couch-wajdi/Desktop/42/minishell12/minishell)
==392303==    by 0x10C269: main (in /home/couch-wajdi/Desktop/42/minishell12/minishell)
==392303== 
==392303== 94 bytes in 1 blocks are still reachable in loss record 21 of 74
==392303==    at 0x4846828: malloc (in /usr/libexec/valgrind/vgpreload_memcheck-amd64-linux.so)
==392303==    by 0x4AE5237: _nc_tparm_analyze (in /usr/lib/x86_64-linux-gnu/libtinfo.so.6.4)
==392303==    by 0x4AE55B2: ??? (in /usr/lib/x86_64-linux-gnu/libtinfo.so.6.4)
==392303==    by 0x4AEA278: _nc_tiparm (in /usr/lib/x86_64-linux-gnu/libtinfo.so.6.4)
==392303==    by 0x4AF0F4F: ??? (in /usr/lib/x86_64-linux-gnu/libtinfo.so.6.4)
==392303==    by 0x4AF0FD9: _nc_trim_sgr0 (in /usr/lib/x86_64-linux-gnu/libtinfo.so.6.4)
==392303==    by 0x4AED9B7: tgetent_sp (in /usr/lib/x86_64-linux-gnu/libtinfo.so.6.4)
==392303==    by 0x48A1CE4: _rl_init_terminal_io (in /usr/lib/x86_64-linux-gnu/libreadline.so.8.2)
==392303==    by 0x488D5D7: rl_initialize (in /usr/lib/x86_64-linux-gnu/libreadline.so.8.2)
==392303==    by 0x488D896: readline (in /usr/lib/x86_64-linux-gnu/libreadline.so.8.2)
==392303==    by 0x10C3EB: handle_line_input (in /home/couch-wajdi/Desktop/42/minishell12/minishell)
==392303==    by 0x10C269: main (in /home/couch-wajdi/Desktop/42/minishell12/minishell)
==392303== 
==392303== 99 bytes in 1 blocks are still reachable in loss record 22 of 74
==392303==    at 0x4846828: malloc (in /usr/libexec/valgrind/vgpreload_memcheck-amd64-linux.so)
==392303==    by 0x4AE2AFF: _nc_first_db (in /usr/lib/x86_64-linux-gnu/libtinfo.so.6.4)
==392303==    by 0x4AF1A8A: _nc_read_entry2 (in /usr/lib/x86_64-linux-gnu/libtinfo.so.6.4)
==392303==    by 0x4AED135: ??? (in /usr/lib/x86_64-linux-gnu/libtinfo.so.6.4)
==392303==    by 0x4AED2C5: _nc_setupterm (in /usr/lib/x86_64-linux-gnu/libtinfo.so.6.4)
==392303==    by 0x4AED7D6: tgetent_sp (in /usr/lib/x86_64-linux-gnu/libtinfo.so.6.4)
==392303==    by 0x48A1CE4: _rl_init_terminal_io (in /usr/lib/x86_64-linux-gnu/libreadline.so.8.2)
==392303==    by 0x488D5D7: rl_initialize (in /usr/lib/x86_64-linux-gnu/libreadline.so.8.2)
==392303==    by 0x488D896: readline (in /usr/lib/x86_64-linux-gnu/libreadline.so.8.2)
==392303==    by 0x10C3EB: handle_line_input (in /home/couch-wajdi/Desktop/42/minishell12/minishell)
==392303==    by 0x10C269: main (in /home/couch-wajdi/Desktop/42/minishell12/minishell)
==392303== 
==392303== 156 bytes in 1 blocks are still reachable in loss record 23 of 74
==392303==    at 0x484DB80: realloc (in /usr/libexec/valgrind/vgpreload_memcheck-amd64-linux.so)
==392303==    by 0x4AE19DC: _nc_doalloc (in /usr/lib/x86_64-linux-gnu/libtinfo.so.6.4)
==392303==    by 0x4AF04C6: _nc_read_termtype (in /usr/lib/x86_64-linux-gnu/libtinfo.so.6.4)
==392303==    by 0x4AF15C1: _nc_read_file_entry (in /usr/lib/x86_64-linux-gnu/libtinfo.so.6.4)
==392303==    by 0x4AF194C: ??? (in /usr/lib/x86_64-linux-gnu/libtinfo.so.6.4)
==392303==    by 0x4AF1AB0: _nc_read_entry2 (in /usr/lib/x86_64-linux-gnu/libtinfo.so.6.4)
==392303==    by 0x4AED135: ??? (in /usr/lib/x86_64-linux-gnu/libtinfo.so.6.4)
==392303==    by 0x4AED2C5: _nc_setupterm (in /usr/lib/x86_64-linux-gnu/libtinfo.so.6.4)
==392303==    by 0x4AED7D6: tgetent_sp (in /usr/lib/x86_64-linux-gnu/libtinfo.so.6.4)
==392303==    by 0x48A1CE4: _rl_init_terminal_io (in /usr/lib/x86_64-linux-gnu/libreadline.so.8.2)
==392303==    by 0x488D5D7: rl_initialize (in /usr/lib/x86_64-linux-gnu/libreadline.so.8.2)
==392303==    by 0x488D896: readline (in /usr/lib/x86_64-linux-gnu/libreadline.so.8.2)
==392303== 
==392303== 168 bytes in 1 blocks are still reachable in loss record 24 of 74
==392303==    at 0x484D953: calloc (in /usr/libexec/valgrind/vgpreload_memcheck-amd64-linux.so)
==392303==    by 0x4AE561E: ??? (in /usr/lib/x86_64-linux-gnu/libtinfo.so.6.4)
==392303==    by 0x4AEA278: _nc_tiparm (in /usr/lib/x86_64-linux-gnu/libtinfo.so.6.4)
==392303==    by 0x4AF0F4F: ??? (in /usr/lib/x86_64-linux-gnu/libtinfo.so.6.4)
==392303==    by 0x4AF0FD9: _nc_trim_sgr0 (in /usr/lib/x86_64-linux-gnu/libtinfo.so.6.4)
==392303==    by 0x4AED9B7: tgetent_sp (in /usr/lib/x86_64-linux-gnu/libtinfo.so.6.4)
==392303==    by 0x48A1CE4: _rl_init_terminal_io (in /usr/lib/x86_64-linux-gnu/libreadline.so.8.2)
==392303==    by 0x488D5D7: rl_initialize (in /usr/lib/x86_64-linux-gnu/libreadline.so.8.2)
==392303==    by 0x488D896: readline (in /usr/lib/x86_64-linux-gnu/libreadline.so.8.2)
==392303==    by 0x10C3EB: handle_line_input (in /home/couch-wajdi/Desktop/42/minishell12/minishell)
==392303==    by 0x10C269: main (in /home/couch-wajdi/Desktop/42/minishell12/minishell)
==392303== 
==392303== 256 bytes in 1 blocks are still reachable in loss record 25 of 74
==392303==    at 0x4846828: malloc (in /usr/libexec/valgrind/vgpreload_memcheck-amd64-linux.so)
==392303==    by 0x48A60EC: xmalloc (in /usr/lib/x86_64-linux-gnu/libreadline.so.8.2)
==392303==    by 0x488D846: rl_initialize (in /usr/lib/x86_64-linux-gnu/libreadline.so.8.2)
==392303==    by 0x488D896: readline (in /usr/lib/x86_64-linux-gnu/libreadline.so.8.2)
==392303==    by 0x10C3EB: handle_line_input (in /home/couch-wajdi/Desktop/42/minishell12/minishell)
==392303==    by 0x10C269: main (in /home/couch-wajdi/Desktop/42/minishell12/minishell)
==392303== 
==392303== 712 bytes in 1 blocks are still reachable in loss record 26 of 74
==392303==    at 0x484D953: calloc (in /usr/libexec/valgrind/vgpreload_memcheck-amd64-linux.so)
==392303==    by 0x4AF0783: _nc_read_termtype (in /usr/lib/x86_64-linux-gnu/libtinfo.so.6.4)
==392303==    by 0x4AF15C1: _nc_read_file_entry (in /usr/lib/x86_64-linux-gnu/libtinfo.so.6.4)
==392303==    by 0x4AF194C: ??? (in /usr/lib/x86_64-linux-gnu/libtinfo.so.6.4)
==392303==    by 0x4AF1AB0: _nc_read_entry2 (in /usr/lib/x86_64-linux-gnu/libtinfo.so.6.4)
==392303==    by 0x4AED135: ??? (in /usr/lib/x86_64-linux-gnu/libtinfo.so.6.4)
==392303==    by 0x4AED2C5: _nc_setupterm (in /usr/lib/x86_64-linux-gnu/libtinfo.so.6.4)
==392303==    by 0x4AED7D6: tgetent_sp (in /usr/lib/x86_64-linux-gnu/libtinfo.so.6.4)
==392303==    by 0x48A1CE4: _rl_init_terminal_io (in /usr/lib/x86_64-linux-gnu/libreadline.so.8.2)
==392303==    by 0x488D5D7: rl_initialize (in /usr/lib/x86_64-linux-gnu/libreadline.so.8.2)
==392303==    by 0x488D896: readline (in /usr/lib/x86_64-linux-gnu/libreadline.so.8.2)
==392303==    by 0x10C3EB: handle_line_input (in /home/couch-wajdi/Desktop/42/minishell12/minishell)
==392303== 
==392303== 712 bytes in 1 blocks are still reachable in loss record 27 of 74
==392303==    at 0x4846828: malloc (in /usr/libexec/valgrind/vgpreload_memcheck-amd64-linux.so)
==392303==    by 0x4AE127D: ??? (in /usr/lib/x86_64-linux-gnu/libtinfo.so.6.4)
==392303==    by 0x4AED2F7: _nc_setupterm (in /usr/lib/x86_64-linux-gnu/libtinfo.so.6.4)
==392303==    by 0x4AED7D6: tgetent_sp (in /usr/lib/x86_64-linux-gnu/libtinfo.so.6.4)
==392303==    by 0x48A1CE4: _rl_init_terminal_io (in /usr/lib/x86_64-linux-gnu/libreadline.so.8.2)
==392303==    by 0x488D5D7: rl_initialize (in /usr/lib/x86_64-linux-gnu/libreadline.so.8.2)
==392303==    by 0x488D896: readline (in /usr/lib/x86_64-linux-gnu/libreadline.so.8.2)
==392303==    by 0x10C3EB: handle_line_input (in /home/couch-wajdi/Desktop/42/minishell12/minishell)
==392303==    by 0x10C269: main (in /home/couch-wajdi/Desktop/42/minishell12/minishell)
==392303== 
==392303== 760 bytes in 1 blocks are still reachable in loss record 28 of 74
==392303==    at 0x484D953: calloc (in /usr/libexec/valgrind/vgpreload_memcheck-amd64-linux.so)
==392303==    by 0x4AED26F: _nc_setupterm (in /usr/lib/x86_64-linux-gnu/libtinfo.so.6.4)
==392303==    by 0x4AED7D6: tgetent_sp (in /usr/lib/x86_64-linux-gnu/libtinfo.so.6.4)
==392303==    by 0x48A1CE4: _rl_init_terminal_io (in /usr/lib/x86_64-linux-gnu/libreadline.so.8.2)
==392303==    by 0x488D5D7: rl_initialize (in /usr/lib/x86_64-linux-gnu/libreadline.so.8.2)
==392303==    by 0x488D896: readline (in /usr/lib/x86_64-linux-gnu/libreadline.so.8.2)
==392303==    by 0x10C3EB: handle_line_input (in /home/couch-wajdi/Desktop/42/minishell12/minishell)
==392303==    by 0x10C269: main (in /home/couch-wajdi/Desktop/42/minishell12/minishell)
==392303== 
==392303== 1,024 bytes in 1 blocks are still reachable in loss record 29 of 74
==392303==    at 0x4846828: malloc (in /usr/libexec/valgrind/vgpreload_memcheck-amd64-linux.so)
==392303==    by 0x48A6C97: xrealloc (in /usr/lib/x86_64-linux-gnu/libreadline.so.8.2)
==392303==    by 0x488F9C2: ??? (in /usr/lib/x86_64-linux-gnu/libreadline.so.8.2)
==392303==    by 0x488FAB8: ??? (in /usr/lib/x86_64-linux-gnu/libreadline.so.8.2)
==392303==    by 0x48991D6: rl_redisplay (in /usr/lib/x86_64-linux-gnu/libreadline.so.8.2)
==392303==    by 0x4882C6D: readline_internal_setup (in /usr/lib/x86_64-linux-gnu/libreadline.so.8.2)
==392303==    by 0x488D8BA: readline (in /usr/lib/x86_64-linux-gnu/libreadline.so.8.2)
==392303==    by 0x10C3EB: handle_line_input (in /home/couch-wajdi/Desktop/42/minishell12/minishell)
==392303==    by 0x10C269: main (in /home/couch-wajdi/Desktop/42/minishell12/minishell)
==392303== 
==392303== 1,024 bytes in 1 blocks are still reachable in loss record 30 of 74
==392303==    at 0x4846828: malloc (in /usr/libexec/valgrind/vgpreload_memcheck-amd64-linux.so)
==392303==    by 0x48A6C97: xrealloc (in /usr/lib/x86_64-linux-gnu/libreadline.so.8.2)
==392303==    by 0x488F9D1: ??? (in /usr/lib/x86_64-linux-gnu/libreadline.so.8.2)
==392303==    by 0x488FAB8: ??? (in /usr/lib/x86_64-linux-gnu/libreadline.so.8.2)
==392303==    by 0x48991D6: rl_redisplay (in /usr/lib/x86_64-linux-gnu/libreadline.so.8.2)
==392303==    by 0x4882C6D: readline_internal_setup (in /usr/lib/x86_64-linux-gnu/libreadline.so.8.2)
==392303==    by 0x488D8BA: readline (in /usr/lib/x86_64-linux-gnu/libreadline.so.8.2)
==392303==    by 0x10C3EB: handle_line_input (in /home/couch-wajdi/Desktop/42/minishell12/minishell)
==392303==    by 0x10C269: main (in /home/couch-wajdi/Desktop/42/minishell12/minishell)
==392303== 
==392303== 1,024 bytes in 1 blocks are still reachable in loss record 31 of 74
==392303==    at 0x4846828: malloc (in /usr/libexec/valgrind/vgpreload_memcheck-amd64-linux.so)
==392303==    by 0x48A6C97: xrealloc (in /usr/lib/x86_64-linux-gnu/libreadline.so.8.2)
==392303==    by 0x488F9E8: ??? (in /usr/lib/x86_64-linux-gnu/libreadline.so.8.2)
==392303==    by 0x488FAB8: ??? (in /usr/lib/x86_64-linux-gnu/libreadline.so.8.2)
==392303==    by 0x48991D6: rl_redisplay (in /usr/lib/x86_64-linux-gnu/libreadline.so.8.2)
==392303==    by 0x4882C6D: readline_internal_setup (in /usr/lib/x86_64-linux-gnu/libreadline.so.8.2)
==392303==    by 0x488D8BA: readline (in /usr/lib/x86_64-linux-gnu/libreadline.so.8.2)
==392303==    by 0x10C3EB: handle_line_input (in /home/couch-wajdi/Desktop/42/minishell12/minishell)
==392303==    by 0x10C269: main (in /home/couch-wajdi/Desktop/42/minishell12/minishell)
==392303== 
==392303== 1,024 bytes in 1 blocks are still reachable in loss record 32 of 74
==392303==    at 0x4846828: malloc (in /usr/libexec/valgrind/vgpreload_memcheck-amd64-linux.so)
==392303==    by 0x48A6C97: xrealloc (in /usr/lib/x86_64-linux-gnu/libreadline.so.8.2)
==392303==    by 0x488FA01: ??? (in /usr/lib/x86_64-linux-gnu/libreadline.so.8.2)
==392303==    by 0x488FAB8: ??? (in /usr/lib/x86_64-linux-gnu/libreadline.so.8.2)
==392303==    by 0x48991D6: rl_redisplay (in /usr/lib/x86_64-linux-gnu/libreadline.so.8.2)
==392303==    by 0x4882C6D: readline_internal_setup (in /usr/lib/x86_64-linux-gnu/libreadline.so.8.2)
==392303==    by 0x488D8BA: readline (in /usr/lib/x86_64-linux-gnu/libreadline.so.8.2)
==392303==    by 0x10C3EB: handle_line_input (in /home/couch-wajdi/Desktop/42/minishell12/minishell)
==392303==    by 0x10C269: main (in /home/couch-wajdi/Desktop/42/minishell12/minishell)
==392303== 
==392303== 1,024 bytes in 1 blocks are still reachable in loss record 33 of 74
==392303==    at 0x4846828: malloc (in /usr/libexec/valgrind/vgpreload_memcheck-amd64-linux.so)
==392303==    by 0x48A60EC: xmalloc (in /usr/lib/x86_64-linux-gnu/libreadline.so.8.2)
==392303==    by 0x488FB17: ??? (in /usr/lib/x86_64-linux-gnu/libreadline.so.8.2)
==392303==    by 0x48991D6: rl_redisplay (in /usr/lib/x86_64-linux-gnu/libreadline.so.8.2)
==392303==    by 0x4882C6D: readline_internal_setup (in /usr/lib/x86_64-linux-gnu/libreadline.so.8.2)
==392303==    by 0x488D8BA: readline (in /usr/lib/x86_64-linux-gnu/libreadline.so.8.2)
==392303==    by 0x10C3EB: handle_line_input (in /home/couch-wajdi/Desktop/42/minishell12/minishell)
==392303==    by 0x10C269: main (in /home/couch-wajdi/Desktop/42/minishell12/minishell)
==392303== 
==392303== 1,024 bytes in 1 blocks are still reachable in loss record 34 of 74
==392303==    at 0x4846828: malloc (in /usr/libexec/valgrind/vgpreload_memcheck-amd64-linux.so)
==392303==    by 0x48A60EC: xmalloc (in /usr/lib/x86_64-linux-gnu/libreadline.so.8.2)
==392303==    by 0x488FB2E: ??? (in /usr/lib/x86_64-linux-gnu/libreadline.so.8.2)
==392303==    by 0x48991D6: rl_redisplay (in /usr/lib/x86_64-linux-gnu/libreadline.so.8.2)
==392303==    by 0x4882C6D: readline_internal_setup (in /usr/lib/x86_64-linux-gnu/libreadline.so.8.2)
==392303==    by 0x488D8BA: readline (in /usr/lib/x86_64-linux-gnu/libreadline.so.8.2)
==392303==    by 0x10C3EB: handle_line_input (in /home/couch-wajdi/Desktop/42/minishell12/minishell)
==392303==    by 0x10C269: main (in /home/couch-wajdi/Desktop/42/minishell12/minishell)
==392303== 
==392303== 1,024 bytes in 1 blocks are still reachable in loss record 35 of 74
==392303==    at 0x4846828: malloc (in /usr/libexec/valgrind/vgpreload_memcheck-amd64-linux.so)
==392303==    by 0x48A60EC: xmalloc (in /usr/lib/x86_64-linux-gnu/libreadline.so.8.2)
==392303==    by 0x488FB3D: ??? (in /usr/lib/x86_64-linux-gnu/libreadline.so.8.2)
==392303==    by 0x48991D6: rl_redisplay (in /usr/lib/x86_64-linux-gnu/libreadline.so.8.2)
==392303==    by 0x4882C6D: readline_internal_setup (in /usr/lib/x86_64-linux-gnu/libreadline.so.8.2)
==392303==    by 0x488D8BA: readline (in /usr/lib/x86_64-linux-gnu/libreadline.so.8.2)
==392303==    by 0x10C3EB: handle_line_input (in /home/couch-wajdi/Desktop/42/minishell12/minishell)
==392303==    by 0x10C269: main (in /home/couch-wajdi/Desktop/42/minishell12/minishell)
==392303== 
==392303== 1,024 bytes in 1 blocks are still reachable in loss record 36 of 74
==392303==    at 0x4846828: malloc (in /usr/libexec/valgrind/vgpreload_memcheck-amd64-linux.so)
==392303==    by 0x48A60EC: xmalloc (in /usr/lib/x86_64-linux-gnu/libreadline.so.8.2)
==392303==    by 0x488FB4C: ??? (in /usr/lib/x86_64-linux-gnu/libreadline.so.8.2)
==392303==    by 0x48991D6: rl_redisplay (in /usr/lib/x86_64-linux-gnu/libreadline.so.8.2)
==392303==    by 0x4882C6D: readline_internal_setup (in /usr/lib/x86_64-linux-gnu/libreadline.so.8.2)
==392303==    by 0x488D8BA: readline (in /usr/lib/x86_64-linux-gnu/libreadline.so.8.2)
==392303==    by 0x10C3EB: handle_line_input (in /home/couch-wajdi/Desktop/42/minishell12/minishell)
==392303==    by 0x10C269: main (in /home/couch-wajdi/Desktop/42/minishell12/minishell)
==392303== 
==392303== 1,107 bytes in 1 blocks are still reachable in loss record 37 of 74
==392303==    at 0x4846828: malloc (in /usr/libexec/valgrind/vgpreload_memcheck-amd64-linux.so)
==392303==    by 0x4AF066A: _nc_read_termtype (in /usr/lib/x86_64-linux-gnu/libtinfo.so.6.4)
==392303==    by 0x4AF15C1: _nc_read_file_entry (in /usr/lib/x86_64-linux-gnu/libtinfo.so.6.4)
==392303==    by 0x4AF194C: ??? (in /usr/lib/x86_64-linux-gnu/libtinfo.so.6.4)
==392303==    by 0x4AF1AB0: _nc_read_entry2 (in /usr/lib/x86_64-linux-gnu/libtinfo.so.6.4)
==392303==    by 0x4AED135: ??? (in /usr/lib/x86_64-linux-gnu/libtinfo.so.6.4)
==392303==    by 0x4AED2C5: _nc_setupterm (in /usr/lib/x86_64-linux-gnu/libtinfo.so.6.4)
==392303==    by 0x4AED7D6: tgetent_sp (in /usr/lib/x86_64-linux-gnu/libtinfo.so.6.4)
==392303==    by 0x48A1CE4: _rl_init_terminal_io (in /usr/lib/x86_64-linux-gnu/libreadline.so.8.2)
==392303==    by 0x488D5D7: rl_initialize (in /usr/lib/x86_64-linux-gnu/libreadline.so.8.2)
==392303==    by 0x488D896: readline (in /usr/lib/x86_64-linux-gnu/libreadline.so.8.2)
==392303==    by 0x10C3EB: handle_line_input (in /home/couch-wajdi/Desktop/42/minishell12/minishell)
==392303== 
==392303== 1,108 bytes in 1 blocks are still reachable in loss record 38 of 74
==392303==    at 0x484D953: calloc (in /usr/libexec/valgrind/vgpreload_memcheck-amd64-linux.so)
==392303==    by 0x4AE1418: ??? (in /usr/lib/x86_64-linux-gnu/libtinfo.so.6.4)
==392303==    by 0x4AED2F7: _nc_setupterm (in /usr/lib/x86_64-linux-gnu/libtinfo.so.6.4)
==392303==    by 0x4AED7D6: tgetent_sp (in /usr/lib/x86_64-linux-gnu/libtinfo.so.6.4)
==392303==    by 0x48A1CE4: _rl_init_terminal_io (in /usr/lib/x86_64-linux-gnu/libreadline.so.8.2)
==392303==    by 0x488D5D7: rl_initialize (in /usr/lib/x86_64-linux-gnu/libreadline.so.8.2)
==392303==    by 0x488D896: readline (in /usr/lib/x86_64-linux-gnu/libreadline.so.8.2)
==392303==    by 0x10C3EB: handle_line_input (in /home/couch-wajdi/Desktop/42/minishell12/minishell)
==392303==    by 0x10C269: main (in /home/couch-wajdi/Desktop/42/minishell12/minishell)
==392303== 
==392303== 1,536 bytes in 1 blocks are still reachable in loss record 39 of 74
==392303==    at 0x484DB80: realloc (in /usr/libexec/valgrind/vgpreload_memcheck-amd64-linux.so)
==392303==    by 0x48A6C81: xrealloc (in /usr/lib/x86_64-linux-gnu/libreadline.so.8.2)
==392303==    by 0x4883017: rl_add_funmap_entry (in /usr/lib/x86_64-linux-gnu/libreadline.so.8.2)
==392303==    by 0x4883057: rl_initialize_funmap (in /usr/lib/x86_64-linux-gnu/libreadline.so.8.2)
==392303==    by 0x488D5F4: rl_initialize (in /usr/lib/x86_64-linux-gnu/libreadline.so.8.2)
==392303==    by 0x488D896: readline (in /usr/lib/x86_64-linux-gnu/libreadline.so.8.2)
==392303==    by 0x10C3EB: handle_line_input (in /home/couch-wajdi/Desktop/42/minishell12/minishell)
==392303==    by 0x10C269: main (in /home/couch-wajdi/Desktop/42/minishell12/minishell)
==392303== 
==392303== 1,664 bytes in 1 blocks are still reachable in loss record 40 of 74
==392303==    at 0x4846828: malloc (in /usr/libexec/valgrind/vgpreload_memcheck-amd64-linux.so)
==392303==    by 0x4AEFCFD: _nc_read_termtype (in /usr/lib/x86_64-linux-gnu/libtinfo.so.6.4)
==392303==    by 0x4AF15C1: _nc_read_file_entry (in /usr/lib/x86_64-linux-gnu/libtinfo.so.6.4)
==392303==    by 0x4AF194C: ??? (in /usr/lib/x86_64-linux-gnu/libtinfo.so.6.4)
==392303==    by 0x4AF1AB0: _nc_read_entry2 (in /usr/lib/x86_64-linux-gnu/libtinfo.so.6.4)
==392303==    by 0x4AED135: ??? (in /usr/lib/x86_64-linux-gnu/libtinfo.so.6.4)
==392303==    by 0x4AED2C5: _nc_setupterm (in /usr/lib/x86_64-linux-gnu/libtinfo.so.6.4)
==392303==    by 0x4AED7D6: tgetent_sp (in /usr/lib/x86_64-linux-gnu/libtinfo.so.6.4)
==392303==    by 0x48A1CE4: _rl_init_terminal_io (in /usr/lib/x86_64-linux-gnu/libreadline.so.8.2)
==392303==    by 0x488D5D7: rl_initialize (in /usr/lib/x86_64-linux-gnu/libreadline.so.8.2)
==392303==    by 0x488D896: readline (in /usr/lib/x86_64-linux-gnu/libreadline.so.8.2)
==392303==    by 0x10C3EB: handle_line_input (in /home/couch-wajdi/Desktop/42/minishell12/minishell)
==392303== 
==392303== 2,032 bytes in 1 blocks are still reachable in loss record 41 of 74
==392303==    at 0x4846828: malloc (in /usr/libexec/valgrind/vgpreload_memcheck-amd64-linux.so)
==392303==    by 0x48A60EC: xmalloc (in /usr/lib/x86_64-linux-gnu/libreadline.so.8.2)
==392303==    by 0x48A1F69: _rl_init_terminal_io (in /usr/lib/x86_64-linux-gnu/libreadline.so.8.2)
==392303==    by 0x488D5D7: rl_initialize (in /usr/lib/x86_64-linux-gnu/libreadline.so.8.2)
==392303==    by 0x488D896: readline (in /usr/lib/x86_64-linux-gnu/libreadline.so.8.2)
==392303==    by 0x10C3EB: handle_line_input (in /home/couch-wajdi/Desktop/42/minishell12/minishell)
==392303==    by 0x10C269: main (in /home/couch-wajdi/Desktop/42/minishell12/minishell)
==392303== 
==392303== 2,272 bytes in 142 blocks are still reachable in loss record 42 of 74
==392303==    at 0x4846828: malloc (in /usr/libexec/valgrind/vgpreload_memcheck-amd64-linux.so)
==392303==    by 0x48A60EC: xmalloc (in /usr/lib/x86_64-linux-gnu/libreadline.so.8.2)
==392303==    by 0x4882FD0: rl_add_funmap_entry (in /usr/lib/x86_64-linux-gnu/libreadline.so.8.2)
==392303==    by 0x4883057: rl_initialize_funmap (in /usr/lib/x86_64-linux-gnu/libreadline.so.8.2)
==392303==    by 0x488D5F4: rl_initialize (in /usr/lib/x86_64-linux-gnu/libreadline.so.8.2)
==392303==    by 0x488D896: readline (in /usr/lib/x86_64-linux-gnu/libreadline.so.8.2)
==392303==    by 0x10C3EB: handle_line_input (in /home/couch-wajdi/Desktop/42/minishell12/minishell)
==392303==    by 0x10C269: main (in /home/couch-wajdi/Desktop/42/minishell12/minishell)
==392303== 
==392303== 2,337 bytes in 1 blocks are still reachable in loss record 43 of 74
==392303==    at 0x4846828: malloc (in /usr/libexec/valgrind/vgpreload_memcheck-amd64-linux.so)
==392303==    by 0x4AE1210: ??? (in /usr/lib/x86_64-linux-gnu/libtinfo.so.6.4)
==392303==    by 0x4AED2F7: _nc_setupterm (in /usr/lib/x86_64-linux-gnu/libtinfo.so.6.4)
==392303==    by 0x4AED7D6: tgetent_sp (in /usr/lib/x86_64-linux-gnu/libtinfo.so.6.4)
==392303==    by 0x48A1CE4: _rl_init_terminal_io (in /usr/lib/x86_64-linux-gnu/libreadline.so.8.2)
==392303==    by 0x488D5D7: rl_initialize (in /usr/lib/x86_64-linux-gnu/libreadline.so.8.2)
==392303==    by 0x488D896: readline (in /usr/lib/x86_64-linux-gnu/libreadline.so.8.2)
==392303==    by 0x10C3EB: handle_line_input (in /home/couch-wajdi/Desktop/42/minishell12/minishell)
==392303==    by 0x10C269: main (in /home/couch-wajdi/Desktop/42/minishell12/minishell)
==392303== 
==392303== 4,000 bytes in 1 blocks are still reachable in loss record 44 of 74
==392303==    at 0x484DB80: realloc (in /usr/libexec/valgrind/vgpreload_memcheck-amd64-linux.so)
==392303==    by 0x4AE19DC: _nc_doalloc (in /usr/lib/x86_64-linux-gnu/libtinfo.so.6.4)
==392303==    by 0x4AF04E4: _nc_read_termtype (in /usr/lib/x86_64-linux-gnu/libtinfo.so.6.4)
==392303==    by 0x4AF15C1: _nc_read_file_entry (in /usr/lib/x86_64-linux-gnu/libtinfo.so.6.4)
==392303==    by 0x4AF194C: ??? (in /usr/lib/x86_64-linux-gnu/libtinfo.so.6.4)
==392303==    by 0x4AF1AB0: _nc_read_entry2 (in /usr/lib/x86_64-linux-gnu/libtinfo.so.6.4)
==392303==    by 0x4AED135: ??? (in /usr/lib/x86_64-linux-gnu/libtinfo.so.6.4)
==392303==    by 0x4AED2C5: _nc_setupterm (in /usr/lib/x86_64-linux-gnu/libtinfo.so.6.4)
==392303==    by 0x4AED7D6: tgetent_sp (in /usr/lib/x86_64-linux-gnu/libtinfo.so.6.4)
==392303==    by 0x48A1CE4: _rl_init_terminal_io (in /usr/lib/x86_64-linux-gnu/libreadline.so.8.2)
==392303==    by 0x488D5D7: rl_initialize (in /usr/lib/x86_64-linux-gnu/libreadline.so.8.2)
==392303==    by 0x488D896: readline (in /usr/lib/x86_64-linux-gnu/libreadline.so.8.2)
==392303== 
==392303== 4,000 bytes in 1 blocks are still reachable in loss record 45 of 74
==392303==    at 0x4846828: malloc (in /usr/libexec/valgrind/vgpreload_memcheck-amd64-linux.so)
==392303==    by 0x4AE1021: ??? (in /usr/lib/x86_64-linux-gnu/libtinfo.so.6.4)
==392303==    by 0x4AED2F7: _nc_setupterm (in /usr/lib/x86_64-linux-gnu/libtinfo.so.6.4)
==392303==    by 0x4AED7D6: tgetent_sp (in /usr/lib/x86_64-linux-gnu/libtinfo.so.6.4)
==392303==    by 0x48A1CE4: _rl_init_terminal_io (in /usr/lib/x86_64-linux-gnu/libreadline.so.8.2)
==392303==    by 0x488D5D7: rl_initialize (in /usr/lib/x86_64-linux-gnu/libreadline.so.8.2)
==392303==    by 0x488D896: readline (in /usr/lib/x86_64-linux-gnu/libreadline.so.8.2)
==392303==    by 0x10C3EB: handle_line_input (in /home/couch-wajdi/Desktop/42/minishell12/minishell)
==392303==    by 0x10C269: main (in /home/couch-wajdi/Desktop/42/minishell12/minishell)
==392303== 
==392303== 4,016 bytes in 1 blocks are still reachable in loss record 46 of 74
==392303==    at 0x4846828: malloc (in /usr/libexec/valgrind/vgpreload_memcheck-amd64-linux.so)
==392303==    by 0x48A60EC: xmalloc (in /usr/lib/x86_64-linux-gnu/libreadline.so.8.2)
==392303==    by 0x489F61F: add_history (in /usr/lib/x86_64-linux-gnu/libreadline.so.8.2)
==392303==    by 0x10C44A: handle_line_input (in /home/couch-wajdi/Desktop/42/minishell12/minishell)
==392303==    by 0x10C269: main (in /home/couch-wajdi/Desktop/42/minishell12/minishell)
==392303== 
==392303== 4,080 bytes in 1 blocks are still reachable in loss record 47 of 74
==392303==    at 0x4846828: malloc (in /usr/libexec/valgrind/vgpreload_memcheck-amd64-linux.so)
==392303==    by 0x48A60EC: xmalloc (in /usr/lib/x86_64-linux-gnu/libreadline.so.8.2)
==392303==    by 0x48A1F49: _rl_init_terminal_io (in /usr/lib/x86_64-linux-gnu/libreadline.so.8.2)
==392303==    by 0x488D5D7: rl_initialize (in /usr/lib/x86_64-linux-gnu/libreadline.so.8.2)
==392303==    by 0x488D896: readline (in /usr/lib/x86_64-linux-gnu/libreadline.so.8.2)
==392303==    by 0x10C3EB: handle_line_input (in /home/couch-wajdi/Desktop/42/minishell12/minishell)
==392303==    by 0x10C269: main (in /home/couch-wajdi/Desktop/42/minishell12/minishell)
==392303== 
==392303== 4,112 bytes in 1 blocks are still reachable in loss record 48 of 74
==392303==    at 0x4846828: malloc (in /usr/libexec/valgrind/vgpreload_memcheck-amd64-linux.so)
==392303==    by 0x48A60EC: xmalloc (in /usr/lib/x86_64-linux-gnu/libreadline.so.8.2)
==392303==    by 0x48814E1: rl_make_bare_keymap (in /usr/lib/x86_64-linux-gnu/libreadline.so.8.2)
==392303==    by 0x4882398: rl_generic_bind (in /usr/lib/x86_64-linux-gnu/libreadline.so.8.2)
==392303==    by 0x488D315: rl_bind_keyseq_if_unbound_in_map (in /usr/lib/x86_64-linux-gnu/libreadline.so.8.2)
==392303==    by 0x48A17E6: ??? (in /usr/lib/x86_64-linux-gnu/libreadline.so.8.2)
==392303==    by 0x48A1E24: _rl_init_terminal_io (in /usr/lib/x86_64-linux-gnu/libreadline.so.8.2)
==392303==    by 0x488D5D7: rl_initialize (in /usr/lib/x86_64-linux-gnu/libreadline.so.8.2)
==392303==    by 0x488D896: readline (in /usr/lib/x86_64-linux-gnu/libreadline.so.8.2)
==392303==    by 0x10C3EB: handle_line_input (in /home/couch-wajdi/Desktop/42/minishell12/minishell)
==392303==    by 0x10C269: main (in /home/couch-wajdi/Desktop/42/minishell12/minishell)
==392303== 
==392303== 4,112 bytes in 1 blocks are still reachable in loss record 49 of 74
==392303==    at 0x4846828: malloc (in /usr/libexec/valgrind/vgpreload_memcheck-amd64-linux.so)
==392303==    by 0x48A60EC: xmalloc (in /usr/lib/x86_64-linux-gnu/libreadline.so.8.2)
==392303==    by 0x48814E1: rl_make_bare_keymap (in /usr/lib/x86_64-linux-gnu/libreadline.so.8.2)
==392303==    by 0x4882398: rl_generic_bind (in /usr/lib/x86_64-linux-gnu/libreadline.so.8.2)
==392303==    by 0x488D315: rl_bind_keyseq_if_unbound_in_map (in /usr/lib/x86_64-linux-gnu/libreadline.so.8.2)
==392303==    by 0x48A186B: ??? (in /usr/lib/x86_64-linux-gnu/libreadline.so.8.2)
==392303==    by 0x48A1E24: _rl_init_terminal_io (in /usr/lib/x86_64-linux-gnu/libreadline.so.8.2)
==392303==    by 0x488D5D7: rl_initialize (in /usr/lib/x86_64-linux-gnu/libreadline.so.8.2)
==392303==    by 0x488D896: readline (in /usr/lib/x86_64-linux-gnu/libreadline.so.8.2)
==392303==    by 0x10C3EB: handle_line_input (in /home/couch-wajdi/Desktop/42/minishell12/minishell)
==392303==    by 0x10C269: main (in /home/couch-wajdi/Desktop/42/minishell12/minishell)
==392303== 
==392303== 4,112 bytes in 1 blocks are still reachable in loss record 50 of 74
==392303==    at 0x4846828: malloc (in /usr/libexec/valgrind/vgpreload_memcheck-amd64-linux.so)
==392303==    by 0x48A60EC: xmalloc (in /usr/lib/x86_64-linux-gnu/libreadline.so.8.2)
==392303==    by 0x48814E1: rl_make_bare_keymap (in /usr/lib/x86_64-linux-gnu/libreadline.so.8.2)
==392303==    by 0x4882398: rl_generic_bind (in /usr/lib/x86_64-linux-gnu/libreadline.so.8.2)
==392303==    by 0x488D315: rl_bind_keyseq_if_unbound_in_map (in /usr/lib/x86_64-linux-gnu/libreadline.so.8.2)
==392303==    by 0x48A187E: ??? (in /usr/lib/x86_64-linux-gnu/libreadline.so.8.2)
==392303==    by 0x48A1E24: _rl_init_terminal_io (in /usr/lib/x86_64-linux-gnu/libreadline.so.8.2)
==392303==    by 0x488D5D7: rl_initialize (in /usr/lib/x86_64-linux-gnu/libreadline.so.8.2)
==392303==    by 0x488D896: readline (in /usr/lib/x86_64-linux-gnu/libreadline.so.8.2)
==392303==    by 0x10C3EB: handle_line_input (in /home/couch-wajdi/Desktop/42/minishell12/minishell)
==392303==    by 0x10C269: main (in /home/couch-wajdi/Desktop/42/minishell12/minishell)
==392303== 
==392303== 4,112 bytes in 1 blocks are still reachable in loss record 51 of 74
==392303==    at 0x4846828: malloc (in /usr/libexec/valgrind/vgpreload_memcheck-amd64-linux.so)
==392303==    by 0x48A60EC: xmalloc (in /usr/lib/x86_64-linux-gnu/libreadline.so.8.2)
==392303==    by 0x48814E1: rl_make_bare_keymap (in /usr/lib/x86_64-linux-gnu/libreadline.so.8.2)
==392303==    by 0x4882398: rl_generic_bind (in /usr/lib/x86_64-linux-gnu/libreadline.so.8.2)
==392303==    by 0x488D315: rl_bind_keyseq_if_unbound_in_map (in /usr/lib/x86_64-linux-gnu/libreadline.so.8.2)
==392303==    by 0x48A1891: ??? (in /usr/lib/x86_64-linux-gnu/libreadline.so.8.2)
==392303==    by 0x48A1E24: _rl_init_terminal_io (in /usr/lib/x86_64-linux-gnu/libreadline.so.8.2)
==392303==    by 0x488D5D7: rl_initialize (in /usr/lib/x86_64-linux-gnu/libreadline.so.8.2)
==392303==    by 0x488D896: readline (in /usr/lib/x86_64-linux-gnu/libreadline.so.8.2)
==392303==    by 0x10C3EB: handle_line_input (in /home/couch-wajdi/Desktop/42/minishell12/minishell)
==392303==    by 0x10C269: main (in /home/couch-wajdi/Desktop/42/minishell12/minishell)
==392303== 
==392303== 4,112 bytes in 1 blocks are still reachable in loss record 52 of 74
==392303==    at 0x4846828: malloc (in /usr/libexec/valgrind/vgpreload_memcheck-amd64-linux.so)
==392303==    by 0x48A60EC: xmalloc (in /usr/lib/x86_64-linux-gnu/libreadline.so.8.2)
==392303==    by 0x48814E1: rl_make_bare_keymap (in /usr/lib/x86_64-linux-gnu/libreadline.so.8.2)
==392303==    by 0x4882398: rl_generic_bind (in /usr/lib/x86_64-linux-gnu/libreadline.so.8.2)
==392303==    by 0x488D315: rl_bind_keyseq_if_unbound_in_map (in /usr/lib/x86_64-linux-gnu/libreadline.so.8.2)
==392303==    by 0x48A186B: ??? (in /usr/lib/x86_64-linux-gnu/libreadline.so.8.2)
==392303==    by 0x48A1E30: _rl_init_terminal_io (in /usr/lib/x86_64-linux-gnu/libreadline.so.8.2)
==392303==    by 0x488D5D7: rl_initialize (in /usr/lib/x86_64-linux-gnu/libreadline.so.8.2)
==392303==    by 0x488D896: readline (in /usr/lib/x86_64-linux-gnu/libreadline.so.8.2)
==392303==    by 0x10C3EB: handle_line_input (in /home/couch-wajdi/Desktop/42/minishell12/minishell)
==392303==    by 0x10C269: main (in /home/couch-wajdi/Desktop/42/minishell12/minishell)
==392303== 
==392303== 4,112 bytes in 1 blocks are still reachable in loss record 53 of 74
==392303==    at 0x4846828: malloc (in /usr/libexec/valgrind/vgpreload_memcheck-amd64-linux.so)
==392303==    by 0x48A60EC: xmalloc (in /usr/lib/x86_64-linux-gnu/libreadline.so.8.2)
==392303==    by 0x48814E1: rl_make_bare_keymap (in /usr/lib/x86_64-linux-gnu/libreadline.so.8.2)
==392303==    by 0x4882398: rl_generic_bind (in /usr/lib/x86_64-linux-gnu/libreadline.so.8.2)
==392303==    by 0x488D315: rl_bind_keyseq_if_unbound_in_map (in /usr/lib/x86_64-linux-gnu/libreadline.so.8.2)
==392303==    by 0x48A187E: ??? (in /usr/lib/x86_64-linux-gnu/libreadline.so.8.2)
==392303==    by 0x48A1E30: _rl_init_terminal_io (in /usr/lib/x86_64-linux-gnu/libreadline.so.8.2)
==392303==    by 0x488D5D7: rl_initialize (in /usr/lib/x86_64-linux-gnu/libreadline.so.8.2)
==392303==    by 0x488D896: readline (in /usr/lib/x86_64-linux-gnu/libreadline.so.8.2)
==392303==    by 0x10C3EB: handle_line_input (in /home/couch-wajdi/Desktop/42/minishell12/minishell)
==392303==    by 0x10C269: main (in /home/couch-wajdi/Desktop/42/minishell12/minishell)
==392303== 
==392303== 4,112 bytes in 1 blocks are still reachable in loss record 54 of 74
==392303==    at 0x4846828: malloc (in /usr/libexec/valgrind/vgpreload_memcheck-amd64-linux.so)
==392303==    by 0x48A60EC: xmalloc (in /usr/lib/x86_64-linux-gnu/libreadline.so.8.2)
==392303==    by 0x48814E1: rl_make_bare_keymap (in /usr/lib/x86_64-linux-gnu/libreadline.so.8.2)
==392303==    by 0x4882398: rl_generic_bind (in /usr/lib/x86_64-linux-gnu/libreadline.so.8.2)
==392303==    by 0x488D315: rl_bind_keyseq_if_unbound_in_map (in /usr/lib/x86_64-linux-gnu/libreadline.so.8.2)
==392303==    by 0x48A1891: ??? (in /usr/lib/x86_64-linux-gnu/libreadline.so.8.2)
==392303==    by 0x48A1E30: _rl_init_terminal_io (in /usr/lib/x86_64-linux-gnu/libreadline.so.8.2)
==392303==    by 0x488D5D7: rl_initialize (in /usr/lib/x86_64-linux-gnu/libreadline.so.8.2)
==392303==    by 0x488D896: readline (in /usr/lib/x86_64-linux-gnu/libreadline.so.8.2)
==392303==    by 0x10C3EB: handle_line_input (in /home/couch-wajdi/Desktop/42/minishell12/minishell)
==392303==    by 0x10C269: main (in /home/couch-wajdi/Desktop/42/minishell12/minishell)
==392303== 
==392303== 4,112 bytes in 1 blocks are still reachable in loss record 55 of 74
==392303==    at 0x4846828: malloc (in /usr/libexec/valgrind/vgpreload_memcheck-amd64-linux.so)
==392303==    by 0x48A60EC: xmalloc (in /usr/lib/x86_64-linux-gnu/libreadline.so.8.2)
==392303==    by 0x48814E1: rl_make_bare_keymap (in /usr/lib/x86_64-linux-gnu/libreadline.so.8.2)
==392303==    by 0x4882398: rl_generic_bind (in /usr/lib/x86_64-linux-gnu/libreadline.so.8.2)
==392303==    by 0x488D315: rl_bind_keyseq_if_unbound_in_map (in /usr/lib/x86_64-linux-gnu/libreadline.so.8.2)
==392303==    by 0x48A186B: ??? (in /usr/lib/x86_64-linux-gnu/libreadline.so.8.2)
==392303==    by 0x48A1E3C: _rl_init_terminal_io (in /usr/lib/x86_64-linux-gnu/libreadline.so.8.2)
==392303==    by 0x488D5D7: rl_initialize (in /usr/lib/x86_64-linux-gnu/libreadline.so.8.2)
==392303==    by 0x488D896: readline (in /usr/lib/x86_64-linux-gnu/libreadline.so.8.2)
==392303==    by 0x10C3EB: handle_line_input (in /home/couch-wajdi/Desktop/42/minishell12/minishell)
==392303==    by 0x10C269: main (in /home/couch-wajdi/Desktop/42/minishell12/minishell)
==392303== 
==392303== 4,112 bytes in 1 blocks are still reachable in loss record 56 of 74
==392303==    at 0x4846828: malloc (in /usr/libexec/valgrind/vgpreload_memcheck-amd64-linux.so)
==392303==    by 0x48A60EC: xmalloc (in /usr/lib/x86_64-linux-gnu/libreadline.so.8.2)
==392303==    by 0x48814E1: rl_make_bare_keymap (in /usr/lib/x86_64-linux-gnu/libreadline.so.8.2)
==392303==    by 0x4882398: rl_generic_bind (in /usr/lib/x86_64-linux-gnu/libreadline.so.8.2)
==392303==    by 0x488D315: rl_bind_keyseq_if_unbound_in_map (in /usr/lib/x86_64-linux-gnu/libreadline.so.8.2)
==392303==    by 0x48A187E: ??? (in /usr/lib/x86_64-linux-gnu/libreadline.so.8.2)
==392303==    by 0x48A1E3C: _rl_init_terminal_io (in /usr/lib/x86_64-linux-gnu/libreadline.so.8.2)
==392303==    by 0x488D5D7: rl_initialize (in /usr/lib/x86_64-linux-gnu/libreadline.so.8.2)
==392303==    by 0x488D896: readline (in /usr/lib/x86_64-linux-gnu/libreadline.so.8.2)
==392303==    by 0x10C3EB: handle_line_input (in /home/couch-wajdi/Desktop/42/minishell12/minishell)
==392303==    by 0x10C269: main (in /home/couch-wajdi/Desktop/42/minishell12/minishell)
==392303== 
==392303== 4,112 bytes in 1 blocks are still reachable in loss record 57 of 74
==392303==    at 0x4846828: malloc (in /usr/libexec/valgrind/vgpreload_memcheck-amd64-linux.so)
==392303==    by 0x48A60EC: xmalloc (in /usr/lib/x86_64-linux-gnu/libreadline.so.8.2)
==392303==    by 0x48814E1: rl_make_bare_keymap (in /usr/lib/x86_64-linux-gnu/libreadline.so.8.2)
==392303==    by 0x4882398: rl_generic_bind (in /usr/lib/x86_64-linux-gnu/libreadline.so.8.2)
==392303==    by 0x488D315: rl_bind_keyseq_if_unbound_in_map (in /usr/lib/x86_64-linux-gnu/libreadline.so.8.2)
==392303==    by 0x48A1891: ??? (in /usr/lib/x86_64-linux-gnu/libreadline.so.8.2)
==392303==    by 0x48A1E3C: _rl_init_terminal_io (in /usr/lib/x86_64-linux-gnu/libreadline.so.8.2)
==392303==    by 0x488D5D7: rl_initialize (in /usr/lib/x86_64-linux-gnu/libreadline.so.8.2)
==392303==    by 0x488D896: readline (in /usr/lib/x86_64-linux-gnu/libreadline.so.8.2)
==392303==    by 0x10C3EB: handle_line_input (in /home/couch-wajdi/Desktop/42/minishell12/minishell)
==392303==    by 0x10C269: main (in /home/couch-wajdi/Desktop/42/minishell12/minishell)
==392303== 
==392303== 4,112 bytes in 1 blocks are still reachable in loss record 58 of 74
==392303==    at 0x4846828: malloc (in /usr/libexec/valgrind/vgpreload_memcheck-amd64-linux.so)
==392303==    by 0x48A60EC: xmalloc (in /usr/lib/x86_64-linux-gnu/libreadline.so.8.2)
==392303==    by 0x48814E1: rl_make_bare_keymap (in /usr/lib/x86_64-linux-gnu/libreadline.so.8.2)
==392303==    by 0x4882398: rl_generic_bind (in /usr/lib/x86_64-linux-gnu/libreadline.so.8.2)
==392303==    by 0x488D315: rl_bind_keyseq_if_unbound_in_map (in /usr/lib/x86_64-linux-gnu/libreadline.so.8.2)
==392303==    by 0x488D50E: ??? (in /usr/lib/x86_64-linux-gnu/libreadline.so.8.2)
==392303==    by 0x488D64C: rl_initialize (in /usr/lib/x86_64-linux-gnu/libreadline.so.8.2)
==392303==    by 0x488D896: readline (in /usr/lib/x86_64-linux-gnu/libreadline.so.8.2)
==392303==    by 0x10C3EB: handle_line_input (in /home/couch-wajdi/Desktop/42/minishell12/minishell)
==392303==    by 0x10C269: main (in /home/couch-wajdi/Desktop/42/minishell12/minishell)
==392303== 
==392303== 4,112 bytes in 1 blocks are still reachable in loss record 59 of 74
==392303==    at 0x4846828: malloc (in /usr/libexec/valgrind/vgpreload_memcheck-amd64-linux.so)
==392303==    by 0x48A60EC: xmalloc (in /usr/lib/x86_64-linux-gnu/libreadline.so.8.2)
==392303==    by 0x48814E1: rl_make_bare_keymap (in /usr/lib/x86_64-linux-gnu/libreadline.so.8.2)
==392303==    by 0x4882398: rl_generic_bind (in /usr/lib/x86_64-linux-gnu/libreadline.so.8.2)
==392303==    by 0x488D315: rl_bind_keyseq_if_unbound_in_map (in /usr/lib/x86_64-linux-gnu/libreadline.so.8.2)
==392303==    by 0x488D50E: ??? (in /usr/lib/x86_64-linux-gnu/libreadline.so.8.2)
==392303==    by 0x488D65B: rl_initialize (in /usr/lib/x86_64-linux-gnu/libreadline.so.8.2)
==392303==    by 0x488D896: readline (in /usr/lib/x86_64-linux-gnu/libreadline.so.8.2)
==392303==    by 0x10C3EB: handle_line_input (in /home/couch-wajdi/Desktop/42/minishell12/minishell)
==392303==    by 0x10C269: main (in /home/couch-wajdi/Desktop/42/minishell12/minishell)
==392303== 
==392303== 4,112 bytes in 1 blocks are still reachable in loss record 60 of 74
==392303==    at 0x4846828: malloc (in /usr/libexec/valgrind/vgpreload_memcheck-amd64-linux.so)
==392303==    by 0x48A60EC: xmalloc (in /usr/lib/x86_64-linux-gnu/libreadline.so.8.2)
==392303==    by 0x48814E1: rl_make_bare_keymap (in /usr/lib/x86_64-linux-gnu/libreadline.so.8.2)
==392303==    by 0x4882398: rl_generic_bind (in /usr/lib/x86_64-linux-gnu/libreadline.so.8.2)
==392303==    by 0x488D315: rl_bind_keyseq_if_unbound_in_map (in /usr/lib/x86_64-linux-gnu/libreadline.so.8.2)
==392303==    by 0x488D50E: ??? (in /usr/lib/x86_64-linux-gnu/libreadline.so.8.2)
==392303==    by 0x488D67C: rl_initialize (in /usr/lib/x86_64-linux-gnu/libreadline.so.8.2)
==392303==    by 0x488D896: readline (in /usr/lib/x86_64-linux-gnu/libreadline.so.8.2)
==392303==    by 0x10C3EB: handle_line_input (in /home/couch-wajdi/Desktop/42/minishell12/minishell)
==392303==    by 0x10C269: main (in /home/couch-wajdi/Desktop/42/minishell12/minishell)
==392303== 
==392303== 7,952 bytes in 1 blocks are still reachable in loss record 61 of 74
==392303==    at 0x484D953: calloc (in /usr/libexec/valgrind/vgpreload_memcheck-amd64-linux.so)
==392303==    by 0x4ADFC77: ??? (in /usr/lib/x86_64-linux-gnu/libtinfo.so.6.4)
==392303==    by 0x4AE169D: _nc_find_type_entry (in /usr/lib/x86_64-linux-gnu/libtinfo.so.6.4)
==392303==    by 0x4AE43C1: tgetstr_sp (in /usr/lib/x86_64-linux-gnu/libtinfo.so.6.4)
==392303==    by 0x48A1D22: _rl_init_terminal_io (in /usr/lib/x86_64-linux-gnu/libreadline.so.8.2)
==392303==    by 0x488D5D7: rl_initialize (in /usr/lib/x86_64-linux-gnu/libreadline.so.8.2)
==392303==    by 0x488D896: readline (in /usr/lib/x86_64-linux-gnu/libreadline.so.8.2)
==392303==    by 0x10C3EB: handle_line_input (in /home/couch-wajdi/Desktop/42/minishell12/minishell)
==392303==    by 0x10C269: main (in /home/couch-wajdi/Desktop/42/minishell12/minishell)
==392303== 
==392303== 8,224 bytes in 2 blocks are still reachable in loss record 62 of 74
==392303==    at 0x4846828: malloc (in /usr/libexec/valgrind/vgpreload_memcheck-amd64-linux.so)
==392303==    by 0x48A60EC: xmalloc (in /usr/lib/x86_64-linux-gnu/libreadline.so.8.2)
==392303==    by 0x48814E1: rl_make_bare_keymap (in /usr/lib/x86_64-linux-gnu/libreadline.so.8.2)
==392303==    by 0x4882398: rl_generic_bind (in /usr/lib/x86_64-linux-gnu/libreadline.so.8.2)
==392303==    by 0x488D315: rl_bind_keyseq_if_unbound_in_map (in /usr/lib/x86_64-linux-gnu/libreadline.so.8.2)
==392303==    by 0x48A1858: ??? (in /usr/lib/x86_64-linux-gnu/libreadline.so.8.2)
==392303==    by 0x48A1E24: _rl_init_terminal_io (in /usr/lib/x86_64-linux-gnu/libreadline.so.8.2)
==392303==    by 0x488D5D7: rl_initialize (in /usr/lib/x86_64-linux-gnu/libreadline.so.8.2)
==392303==    by 0x488D896: readline (in /usr/lib/x86_64-linux-gnu/libreadline.so.8.2)
==392303==    by 0x10C3EB: handle_line_input (in /home/couch-wajdi/Desktop/42/minishell12/minishell)
==392303==    by 0x10C269: main (in /home/couch-wajdi/Desktop/42/minishell12/minishell)
==392303== 
==392303== 8,224 bytes in 2 blocks are still reachable in loss record 63 of 74
==392303==    at 0x4846828: malloc (in /usr/libexec/valgrind/vgpreload_memcheck-amd64-linux.so)
==392303==    by 0x48A60EC: xmalloc (in /usr/lib/x86_64-linux-gnu/libreadline.so.8.2)
==392303==    by 0x48814E1: rl_make_bare_keymap (in /usr/lib/x86_64-linux-gnu/libreadline.so.8.2)
==392303==    by 0x4882398: rl_generic_bind (in /usr/lib/x86_64-linux-gnu/libreadline.so.8.2)
==392303==    by 0x488D315: rl_bind_keyseq_if_unbound_in_map (in /usr/lib/x86_64-linux-gnu/libreadline.so.8.2)
==392303==    by 0x48A17E6: ??? (in /usr/lib/x86_64-linux-gnu/libreadline.so.8.2)
==392303==    by 0x48A1E30: _rl_init_terminal_io (in /usr/lib/x86_64-linux-gnu/libreadline.so.8.2)
==392303==    by 0x488D5D7: rl_initialize (in /usr/lib/x86_64-linux-gnu/libreadline.so.8.2)
==392303==    by 0x488D896: readline (in /usr/lib/x86_64-linux-gnu/libreadline.so.8.2)
==392303==    by 0x10C3EB: handle_line_input (in /home/couch-wajdi/Desktop/42/minishell12/minishell)
==392303==    by 0x10C269: main (in /home/couch-wajdi/Desktop/42/minishell12/minishell)
==392303== 
==392303== 8,224 bytes in 2 blocks are still reachable in loss record 64 of 74
==392303==    at 0x4846828: malloc (in /usr/libexec/valgrind/vgpreload_memcheck-amd64-linux.so)
==392303==    by 0x48A60EC: xmalloc (in /usr/lib/x86_64-linux-gnu/libreadline.so.8.2)
==392303==    by 0x48814E1: rl_make_bare_keymap (in /usr/lib/x86_64-linux-gnu/libreadline.so.8.2)
==392303==    by 0x4882398: rl_generic_bind (in /usr/lib/x86_64-linux-gnu/libreadline.so.8.2)
==392303==    by 0x488D315: rl_bind_keyseq_if_unbound_in_map (in /usr/lib/x86_64-linux-gnu/libreadline.so.8.2)
==392303==    by 0x48A1858: ??? (in /usr/lib/x86_64-linux-gnu/libreadline.so.8.2)
==392303==    by 0x48A1E30: _rl_init_terminal_io (in /usr/lib/x86_64-linux-gnu/libreadline.so.8.2)
==392303==    by 0x488D5D7: rl_initialize (in /usr/lib/x86_64-linux-gnu/libreadline.so.8.2)
==392303==    by 0x488D896: readline (in /usr/lib/x86_64-linux-gnu/libreadline.so.8.2)
==392303==    by 0x10C3EB: handle_line_input (in /home/couch-wajdi/Desktop/42/minishell12/minishell)
==392303==    by 0x10C269: main (in /home/couch-wajdi/Desktop/42/minishell12/minishell)
==392303== 
==392303== 8,224 bytes in 2 blocks are still reachable in loss record 65 of 74
==392303==    at 0x4846828: malloc (in /usr/libexec/valgrind/vgpreload_memcheck-amd64-linux.so)
==392303==    by 0x48A60EC: xmalloc (in /usr/lib/x86_64-linux-gnu/libreadline.so.8.2)
==392303==    by 0x48814E1: rl_make_bare_keymap (in /usr/lib/x86_64-linux-gnu/libreadline.so.8.2)
==392303==    by 0x4882398: rl_generic_bind (in /usr/lib/x86_64-linux-gnu/libreadline.so.8.2)
==392303==    by 0x488D315: rl_bind_keyseq_if_unbound_in_map (in /usr/lib/x86_64-linux-gnu/libreadline.so.8.2)
==392303==    by 0x48A17E6: ??? (in /usr/lib/x86_64-linux-gnu/libreadline.so.8.2)
==392303==    by 0x48A1E3C: _rl_init_terminal_io (in /usr/lib/x86_64-linux-gnu/libreadline.so.8.2)
==392303==    by 0x488D5D7: rl_initialize (in /usr/lib/x86_64-linux-gnu/libreadline.so.8.2)
==392303==    by 0x488D896: readline (in /usr/lib/x86_64-linux-gnu/libreadline.so.8.2)
==392303==    by 0x10C3EB: handle_line_input (in /home/couch-wajdi/Desktop/42/minishell12/minishell)
==392303==    by 0x10C269: main (in /home/couch-wajdi/Desktop/42/minishell12/minishell)
==392303== 
==392303== 8,224 bytes in 2 blocks are still reachable in loss record 66 of 74
==392303==    at 0x4846828: malloc (in /usr/libexec/valgrind/vgpreload_memcheck-amd64-linux.so)
==392303==    by 0x48A60EC: xmalloc (in /usr/lib/x86_64-linux-gnu/libreadline.so.8.2)
==392303==    by 0x48814E1: rl_make_bare_keymap (in /usr/lib/x86_64-linux-gnu/libreadline.so.8.2)
==392303==    by 0x4882398: rl_generic_bind (in /usr/lib/x86_64-linux-gnu/libreadline.so.8.2)
==392303==    by 0x488D315: rl_bind_keyseq_if_unbound_in_map (in /usr/lib/x86_64-linux-gnu/libreadline.so.8.2)
==392303==    by 0x48A1858: ??? (in /usr/lib/x86_64-linux-gnu/libreadline.so.8.2)
==392303==    by 0x48A1E3C: _rl_init_terminal_io (in /usr/lib/x86_64-linux-gnu/libreadline.so.8.2)
==392303==    by 0x488D5D7: rl_initialize (in /usr/lib/x86_64-linux-gnu/libreadline.so.8.2)
==392303==    by 0x488D896: readline (in /usr/lib/x86_64-linux-gnu/libreadline.so.8.2)
==392303==    by 0x10C3EB: handle_line_input (in /home/couch-wajdi/Desktop/42/minishell12/minishell)
==392303==    by 0x10C269: main (in /home/couch-wajdi/Desktop/42/minishell12/minishell)
==392303== 
==392303== 8,224 bytes in 2 blocks are still reachable in loss record 67 of 74
==392303==    at 0x4846828: malloc (in /usr/libexec/valgrind/vgpreload_memcheck-amd64-linux.so)
==392303==    by 0x48A60EC: xmalloc (in /usr/lib/x86_64-linux-gnu/libreadline.so.8.2)
==392303==    by 0x48814E1: rl_make_bare_keymap (in /usr/lib/x86_64-linux-gnu/libreadline.so.8.2)
==392303==    by 0x4882398: rl_generic_bind (in /usr/lib/x86_64-linux-gnu/libreadline.so.8.2)
==392303==    by 0x488D315: rl_bind_keyseq_if_unbound_in_map (in /usr/lib/x86_64-linux-gnu/libreadline.so.8.2)
==392303==    by 0x488D4FF: ??? (in /usr/lib/x86_64-linux-gnu/libreadline.so.8.2)
==392303==    by 0x488D64C: rl_initialize (in /usr/lib/x86_64-linux-gnu/libreadline.so.8.2)
==392303==    by 0x488D896: readline (in /usr/lib/x86_64-linux-gnu/libreadline.so.8.2)
==392303==    by 0x10C3EB: handle_line_input (in /home/couch-wajdi/Desktop/42/minishell12/minishell)
==392303==    by 0x10C269: main (in /home/couch-wajdi/Desktop/42/minishell12/minishell)
==392303== 
==392303== 8,224 bytes in 2 blocks are still reachable in loss record 68 of 74
==392303==    at 0x4846828: malloc (in /usr/libexec/valgrind/vgpreload_memcheck-amd64-linux.so)
==392303==    by 0x48A60EC: xmalloc (in /usr/lib/x86_64-linux-gnu/libreadline.so.8.2)
==392303==    by 0x48814E1: rl_make_bare_keymap (in /usr/lib/x86_64-linux-gnu/libreadline.so.8.2)
==392303==    by 0x4882398: rl_generic_bind (in /usr/lib/x86_64-linux-gnu/libreadline.so.8.2)
==392303==    by 0x488D315: rl_bind_keyseq_if_unbound_in_map (in /usr/lib/x86_64-linux-gnu/libreadline.so.8.2)
==392303==    by 0x488D4FF: ??? (in /usr/lib/x86_64-linux-gnu/libreadline.so.8.2)
==392303==    by 0x488D65B: rl_initialize (in /usr/lib/x86_64-linux-gnu/libreadline.so.8.2)
==392303==    by 0x488D896: readline (in /usr/lib/x86_64-linux-gnu/libreadline.so.8.2)
==392303==    by 0x10C3EB: handle_line_input (in /home/couch-wajdi/Desktop/42/minishell12/minishell)
==392303==    by 0x10C269: main (in /home/couch-wajdi/Desktop/42/minishell12/minishell)
==392303== 
==392303== 8,224 bytes in 2 blocks are still reachable in loss record 69 of 74
==392303==    at 0x4846828: malloc (in /usr/libexec/valgrind/vgpreload_memcheck-amd64-linux.so)
==392303==    by 0x48A60EC: xmalloc (in /usr/lib/x86_64-linux-gnu/libreadline.so.8.2)
==392303==    by 0x48814E1: rl_make_bare_keymap (in /usr/lib/x86_64-linux-gnu/libreadline.so.8.2)
==392303==    by 0x4882398: rl_generic_bind (in /usr/lib/x86_64-linux-gnu/libreadline.so.8.2)
==392303==    by 0x488D315: rl_bind_keyseq_if_unbound_in_map (in /usr/lib/x86_64-linux-gnu/libreadline.so.8.2)
==392303==    by 0x488D4FF: ??? (in /usr/lib/x86_64-linux-gnu/libreadline.so.8.2)
==392303==    by 0x488D67C: rl_initialize (in /usr/lib/x86_64-linux-gnu/libreadline.so.8.2)
==392303==    by 0x488D896: readline (in /usr/lib/x86_64-linux-gnu/libreadline.so.8.2)
==392303==    by 0x10C3EB: handle_line_input (in /home/couch-wajdi/Desktop/42/minishell12/minishell)
==392303==    by 0x10C269: main (in /home/couch-wajdi/Desktop/42/minishell12/minishell)
==392303== 
==392303== 8,224 bytes in 2 blocks are still reachable in loss record 70 of 74
==392303==    at 0x4846828: malloc (in /usr/libexec/valgrind/vgpreload_memcheck-amd64-linux.so)
==392303==    by 0x48A60EC: xmalloc (in /usr/lib/x86_64-linux-gnu/libreadline.so.8.2)
==392303==    by 0x48814E1: rl_make_bare_keymap (in /usr/lib/x86_64-linux-gnu/libreadline.so.8.2)
==392303==    by 0x4882398: rl_generic_bind (in /usr/lib/x86_64-linux-gnu/libreadline.so.8.2)
==392303==    by 0x488D315: rl_bind_keyseq_if_unbound_in_map (in /usr/lib/x86_64-linux-gnu/libreadline.so.8.2)
==392303==    by 0x488D696: rl_initialize (in /usr/lib/x86_64-linux-gnu/libreadline.so.8.2)
==392303==    by 0x488D896: readline (in /usr/lib/x86_64-linux-gnu/libreadline.so.8.2)
==392303==    by 0x10C3EB: handle_line_input (in /home/couch-wajdi/Desktop/42/minishell12/minishell)
==392303==    by 0x10C269: main (in /home/couch-wajdi/Desktop/42/minishell12/minishell)
==392303== 
==392303== 8,224 bytes in 2 blocks are still reachable in loss record 71 of 74
==392303==    at 0x4846828: malloc (in /usr/libexec/valgrind/vgpreload_memcheck-amd64-linux.so)
==392303==    by 0x48A60EC: xmalloc (in /usr/lib/x86_64-linux-gnu/libreadline.so.8.2)
==392303==    by 0x48814E1: rl_make_bare_keymap (in /usr/lib/x86_64-linux-gnu/libreadline.so.8.2)
==392303==    by 0x4882398: rl_generic_bind (in /usr/lib/x86_64-linux-gnu/libreadline.so.8.2)
==392303==    by 0x488D315: rl_bind_keyseq_if_unbound_in_map (in /usr/lib/x86_64-linux-gnu/libreadline.so.8.2)
==392303==    by 0x488D6AC: rl_initialize (in /usr/lib/x86_64-linux-gnu/libreadline.so.8.2)
==392303==    by 0x488D896: readline (in /usr/lib/x86_64-linux-gnu/libreadline.so.8.2)
==392303==    by 0x10C3EB: handle_line_input (in /home/couch-wajdi/Desktop/42/minishell12/minishell)
==392303==    by 0x10C269: main (in /home/couch-wajdi/Desktop/42/minishell12/minishell)
==392303== 
==392303== 12,336 bytes in 3 blocks are still reachable in loss record 72 of 74
==392303==    at 0x4846828: malloc (in /usr/libexec/valgrind/vgpreload_memcheck-amd64-linux.so)
==392303==    by 0x48A60EC: xmalloc (in /usr/lib/x86_64-linux-gnu/libreadline.so.8.2)
==392303==    by 0x48814E1: rl_make_bare_keymap (in /usr/lib/x86_64-linux-gnu/libreadline.so.8.2)
==392303==    by 0x4882398: rl_generic_bind (in /usr/lib/x86_64-linux-gnu/libreadline.so.8.2)
==392303==    by 0x488D315: rl_bind_keyseq_if_unbound_in_map (in /usr/lib/x86_64-linux-gnu/libreadline.so.8.2)
==392303==    by 0x488D4D6: ??? (in /usr/lib/x86_64-linux-gnu/libreadline.so.8.2)
==392303==    by 0x488D65B: rl_initialize (in /usr/lib/x86_64-linux-gnu/libreadline.so.8.2)
==392303==    by 0x488D896: readline (in /usr/lib/x86_64-linux-gnu/libreadline.so.8.2)
==392303==    by 0x10C3EB: handle_line_input (in /home/couch-wajdi/Desktop/42/minishell12/minishell)
==392303==    by 0x10C269: main (in /home/couch-wajdi/Desktop/42/minishell12/minishell)
==392303== 
==392303== 12,336 bytes in 3 blocks are still reachable in loss record 73 of 74
==392303==    at 0x4846828: malloc (in /usr/libexec/valgrind/vgpreload_memcheck-amd64-linux.so)
==392303==    by 0x48A60EC: xmalloc (in /usr/lib/x86_64-linux-gnu/libreadline.so.8.2)
==392303==    by 0x48814E1: rl_make_bare_keymap (in /usr/lib/x86_64-linux-gnu/libreadline.so.8.2)
==392303==    by 0x4882398: rl_generic_bind (in /usr/lib/x86_64-linux-gnu/libreadline.so.8.2)
==392303==    by 0x488D315: rl_bind_keyseq_if_unbound_in_map (in /usr/lib/x86_64-linux-gnu/libreadline.so.8.2)
==392303==    by 0x488D4D6: ??? (in /usr/lib/x86_64-linux-gnu/libreadline.so.8.2)
==392303==    by 0x488D67C: rl_initialize (in /usr/lib/x86_64-linux-gnu/libreadline.so.8.2)
==392303==    by 0x488D896: readline (in /usr/lib/x86_64-linux-gnu/libreadline.so.8.2)
==392303==    by 0x10C3EB: handle_line_input (in /home/couch-wajdi/Desktop/42/minishell12/minishell)
==392303==    by 0x10C269: main (in /home/couch-wajdi/Desktop/42/minishell12/minishell)
==392303== 
==392303== 24,672 bytes in 6 blocks are still reachable in loss record 74 of 74
==392303==    at 0x4846828: malloc (in /usr/libexec/valgrind/vgpreload_memcheck-amd64-linux.so)
==392303==    by 0x48A60EC: xmalloc (in /usr/lib/x86_64-linux-gnu/libreadline.so.8.2)
==392303==    by 0x48814E1: rl_make_bare_keymap (in /usr/lib/x86_64-linux-gnu/libreadline.so.8.2)
==392303==    by 0x4882398: rl_generic_bind (in /usr/lib/x86_64-linux-gnu/libreadline.so.8.2)
==392303==    by 0x48938A1: rl_parse_and_bind (in /usr/lib/x86_64-linux-gnu/libreadline.so.8.2)
==392303==    by 0x4893AAB: ??? (in /usr/lib/x86_64-linux-gnu/libreadline.so.8.2)
==392303==    by 0x488D600: rl_initialize (in /usr/lib/x86_64-linux-gnu/libreadline.so.8.2)
==392303==    by 0x488D896: readline (in /usr/lib/x86_64-linux-gnu/libreadline.so.8.2)
==392303==    by 0x10C3EB: handle_line_input (in /home/couch-wajdi/Desktop/42/minishell12/minishell)
==392303==    by 0x10C269: main (in /home/couch-wajdi/Desktop/42/minishell12/minishell)
==392303== 
==392303== LEAK SUMMARY:
==392303==    definitely lost: 0 bytes in 0 blocks
==392303==    indirectly lost: 0 bytes in 0 blocks
==392303==      possibly lost: 0 bytes in 0 blocks
==392303==    still reachable: 232,828 bytes in 234 blocks
==392303==         suppressed: 0 bytes in 0 blocks
==392303== 
==392303== ERROR SUMMARY: 0 errors from 0 contexts (suppressed: 0 from 0)
